{"C:\\Users\\bepit\\go\\src\\github.com\\Tanibox\\tania-core\\resources\\tests\\unit\\setup.js":{"path":"C:\\Users\\bepit\\go\\src\\github.com\\Tanibox\\tania-core\\resources\\tests\\unit\\setup.js","statementMap":{"0":{"start":{"line":2,"column":0},"end":{"line":2,"column":25}},"1":{"start":{"line":5,"column":0},"end":{"line":5,"column":26}},"2":{"start":{"line":7,"column":0},"end":{"line":7,"column":24}},"3":{"start":{"line":10,"column":0},"end":{"line":10,"column":33}},"4":{"start":{"line":11,"column":0},"end":{"line":11,"column":31}},"5":{"start":{"line":13,"column":18},"end":{"line":13,"column":43}},"6":{"start":{"line":14,"column":0},"end":{"line":14,"column":34}},"7":{"start":{"line":15,"column":0},"end":{"line":15,"column":30}},"8":{"start":{"line":16,"column":0},"end":{"line":16,"column":30}}},"fnMap":{},"branchMap":{},"s":{"0":1,"1":1,"2":1,"3":1,"4":1,"5":1,"6":1,"7":1,"8":1},"f":{},"b":{},"_coverageSchema":"332fd63041d2c1bcb487cc26dd0d5f7d97098a6c","hash":"e491d0d9dd0f47af69631b5aa41422487bc22fea","contentHash":"526fce45caf3620c932b60bfcd10cce5_11.4.1"},"C:\\Users\\bepit\\go\\src\\github.com\\Tanibox\\tania-core\\webpack.config.js":{"path":"C:\\Users\\bepit\\go\\src\\github.com\\Tanibox\\tania-core\\webpack.config.js","statementMap":{"0":{"start":{"line":1,"column":13},"end":{"line":1,"column":28}},"1":{"start":{"line":2,"column":24},"end":{"line":2,"column":56}},"2":{"start":{"line":4,"column":0},"end":{"line":52,"column":1}},"3":{"start":{"line":55,"column":0},"end":{"line":58,"column":1}},"4":{"start":{"line":56,"column":2},"end":{"line":56,"column":66}},"5":{"start":{"line":57,"column":2},"end":{"line":57,"column":59}}},"fnMap":{},"branchMap":{"0":{"loc":{"start":{"line":55,"column":0},"end":{"line":58,"column":1}},"type":"if","locations":[{"start":{"line":55,"column":0},"end":{"line":58,"column":1}},{"start":{"line":55,"column":0},"end":{"line":58,"column":1}}],"line":55}},"s":{"0":1,"1":1,"2":1,"3":1,"4":1,"5":1},"f":{},"b":{"0":[1,0]},"_coverageSchema":"332fd63041d2c1bcb487cc26dd0d5f7d97098a6c","hash":"cbb5ab0f52b319e89ec82ae77aef0a53d9ea021c","contentHash":"4070d2088ce506f298269622c51a484b_11.4.1"},"C:\\Users\\bepit\\go\\src\\github.com\\Tanibox\\tania-core\\.tmp\\mocha-webpack\\1548067220183\\main.js":{"path":"C:\\Users\\bepit\\go\\src\\github.com\\Tanibox\\tania-core\\.tmp\\mocha-webpack\\1548067220183\\main.js","statementMap":{"0":{"start":{"line":1,"column":9},"end":{"line":25487,"column":12}},"1":{"start":{"line":4,"column":26},"end":{"line":4,"column":33}},"2":{"start":{"line":5,"column":29},"end":{"line":5,"column":36}},"3":{"start":{"line":10,"column":38},"end":{"line":10,"column":39}},"4":{"start":{"line":10,"column":52},"end":{"line":10,"column":54}},"5":{"start":{"line":11,"column":11},"end":{"line":17,"column":12}},"6":{"start":{"line":12,"column":12},"end":{"line":12,"column":34}},"7":{"start":{"line":13,"column":12},"end":{"line":15,"column":13}},"8":{"start":{"line":14,"column":13},"end":{"line":14,"column":56}},"9":{"start":{"line":16,"column":12},"end":{"line":16,"column":41}},"10":{"start":{"line":18,"column":11},"end":{"line":22,"column":12}},"11":{"start":{"line":19,"column":12},"end":{"line":21,"column":13}},"12":{"start":{"line":20,"column":13},"end":{"line":20,"column":55}},"13":{"start":{"line":23,"column":11},"end":{"line":23,"column":61}},"14":{"start":{"line":23,"column":35},"end":{"line":23,"column":61}},"15":{"start":{"line":25,"column":11},"end":{"line":27,"column":12}},"16":{"start":{"line":26,"column":12},"end":{"line":26,"column":31}},"17":{"start":{"line":33,"column":33},"end":{"line":33,"column":35}},"18":{"start":{"line":38,"column":32},"end":{"line":40,"column":11}},"19":{"start":{"line":46,"column":11},"end":{"line":46,"column":77}},"20":{"start":{"line":53,"column":11},"end":{"line":55,"column":12}},"21":{"start":{"line":54,"column":12},"end":{"line":54,"column":54}},"22":{"start":{"line":57,"column":24},"end":{"line":61,"column":12}},"23":{"start":{"line":64,"column":11},"end":{"line":64,"column":95}},"24":{"start":{"line":67,"column":11},"end":{"line":67,"column":27}},"25":{"start":{"line":70,"column":11},"end":{"line":70,"column":33}},"26":{"start":{"line":75,"column":10},"end":{"line":130,"column":12}},"27":{"start":{"line":76,"column":26},"end":{"line":76,"column":28}},"28":{"start":{"line":81,"column":36},"end":{"line":81,"column":60}},"29":{"start":{"line":82,"column":11},"end":{"line":128,"column":12}},"30":{"start":{"line":85,"column":12},"end":{"line":127,"column":13}},"31":{"start":{"line":86,"column":13},"end":{"line":86,"column":50}},"32":{"start":{"line":89,"column":27},"end":{"line":91,"column":15}},"33":{"start":{"line":90,"column":14},"end":{"line":90,"column":80}},"34":{"start":{"line":92,"column":13},"end":{"line":92,"column":60}},"35":{"start":{"line":95,"column":26},"end":{"line":95,"column":58}},"36":{"start":{"line":98,"column":13},"end":{"line":98,"column":38}},"37":{"start":{"line":99,"column":13},"end":{"line":99,"column":34}},"38":{"start":{"line":100,"column":13},"end":{"line":102,"column":14}},"39":{"start":{"line":101,"column":14},"end":{"line":101,"column":67}},"40":{"start":{"line":103,"column":13},"end":{"line":103,"column":50}},"41":{"start":{"line":105,"column":13},"end":{"line":121,"column":15}},"42":{"start":{"line":107,"column":14},"end":{"line":107,"column":52}},"43":{"start":{"line":108,"column":14},"end":{"line":108,"column":36}},"44":{"start":{"line":109,"column":26},"end":{"line":109,"column":50}},"45":{"start":{"line":110,"column":14},"end":{"line":120,"column":15}},"46":{"start":{"line":111,"column":15},"end":{"line":118,"column":16}},"47":{"start":{"line":112,"column":32},"end":{"line":112,"column":89}},"48":{"start":{"line":113,"column":30},"end":{"line":113,"column":71}},"49":{"start":{"line":114,"column":28},"end":{"line":114,"column":116}},"50":{"start":{"line":115,"column":16},"end":{"line":115,"column":39}},"51":{"start":{"line":116,"column":16},"end":{"line":116,"column":40}},"52":{"start":{"line":117,"column":16},"end":{"line":117,"column":32}},"53":{"start":{"line":119,"column":15},"end":{"line":119,"column":52}},"54":{"start":{"line":122,"column":27},"end":{"line":124,"column":23}},"55":{"start":{"line":123,"column":14},"end":{"line":123,"column":68}},"56":{"start":{"line":125,"column":13},"end":{"line":125,"column":63}},"57":{"start":{"line":126,"column":13},"end":{"line":126,"column":47}},"58":{"start":{"line":129,"column":11},"end":{"line":129,"column":40}},"59":{"start":{"line":133,"column":10},"end":{"line":133,"column":42}},"60":{"start":{"line":136,"column":10},"end":{"line":136,"column":51}},"61":{"start":{"line":139,"column":10},"end":{"line":143,"column":12}},"62":{"start":{"line":140,"column":11},"end":{"line":142,"column":12}},"63":{"start":{"line":141,"column":12},"end":{"line":141,"column":84}},"64":{"start":{"line":146,"column":10},"end":{"line":151,"column":12}},"65":{"start":{"line":147,"column":11},"end":{"line":149,"column":12}},"66":{"start":{"line":148,"column":12},"end":{"line":148,"column":84}},"67":{"start":{"line":150,"column":11},"end":{"line":150,"column":73}},"68":{"start":{"line":158,"column":10},"end":{"line":167,"column":12}},"69":{"start":{"line":159,"column":11},"end":{"line":159,"column":59}},"70":{"start":{"line":159,"column":24},"end":{"line":159,"column":59}},"71":{"start":{"line":160,"column":11},"end":{"line":160,"column":37}},"72":{"start":{"line":160,"column":24},"end":{"line":160,"column":37}},"73":{"start":{"line":161,"column":11},"end":{"line":161,"column":97}},"74":{"start":{"line":161,"column":84},"end":{"line":161,"column":97}},"75":{"start":{"line":162,"column":20},"end":{"line":162,"column":39}},"76":{"start":{"line":163,"column":11},"end":{"line":163,"column":37}},"77":{"start":{"line":164,"column":11},"end":{"line":164,"column":84}},"78":{"start":{"line":165,"column":11},"end":{"line":165,"column":159}},"79":{"start":{"line":165,"column":52},"end":{"line":165,"column":159}},"80":{"start":{"line":165,"column":74},"end":{"line":165,"column":159}},"81":{"start":{"line":165,"column":121},"end":{"line":165,"column":139}},"82":{"start":{"line":166,"column":11},"end":{"line":166,"column":21}},"83":{"start":{"line":170,"column":10},"end":{"line":176,"column":12}},"84":{"start":{"line":171,"column":24},"end":{"line":173,"column":58}},"85":{"start":{"line":172,"column":36},"end":{"line":172,"column":61}},"86":{"start":{"line":173,"column":42},"end":{"line":173,"column":56}},"87":{"start":{"line":174,"column":11},"end":{"line":174,"column":54}},"88":{"start":{"line":175,"column":11},"end":{"line":175,"column":25}},"89":{"start":{"line":179,"column":10},"end":{"line":179,"column":128}},"90":{"start":{"line":179,"column":63},"end":{"line":179,"column":125}},"91":{"start":{"line":182,"column":10},"end":{"line":182,"column":133}},"92":{"start":{"line":185,"column":10},"end":{"line":185,"column":84}},"93":{"start":{"line":185,"column":51},"end":{"line":185,"column":70}},"94":{"start":{"line":185,"column":71},"end":{"line":185,"column":81}},"95":{"start":{"line":187,"column":27},"end":{"line":187,"column":80}},"96":{"start":{"line":188,"column":33},"end":{"line":188,"column":65}},"97":{"start":{"line":189,"column":10},"end":{"line":189,"column":49}},"98":{"start":{"line":190,"column":10},"end":{"line":190,"column":42}},"99":{"start":{"line":191,"column":10},"end":{"line":191,"column":89}},"100":{"start":{"line":191,"column":53},"end":{"line":191,"column":89}},"101":{"start":{"line":192,"column":36},"end":{"line":192,"column":52}},"102":{"start":{"line":196,"column":10},"end":{"line":196,"column":106}},"103":{"start":{"line":209,"column":0},"end":{"line":209,"column":43}},"104":{"start":{"line":210,"column":92},"end":{"line":210,"column":193}},"105":{"start":{"line":211,"column":113},"end":{"line":211,"column":200}},"106":{"start":{"line":212,"column":70},"end":{"line":212,"column":146}},"107":{"start":{"line":213,"column":61},"end":{"line":213,"column":100}},"108":{"start":{"line":214,"column":82},"end":{"line":214,"column":138}},"109":{"start":{"line":215,"column":20},"end":{"line":432,"column":3}},"110":{"start":{"line":216,"column":13},"end":{"line":216,"column":109}},"111":{"start":{"line":217,"column":13},"end":{"line":217,"column":55}},"112":{"start":{"line":218,"column":17},"end":{"line":218,"column":43}},"113":{"start":{"line":219,"column":15},"end":{"line":219,"column":44}},"114":{"start":{"line":220,"column":12},"end":{"line":220,"column":26}},"115":{"start":{"line":221,"column":21},"end":{"line":423,"column":3}},"116":{"start":{"line":424,"column":17},"end":{"line":424,"column":50}},"117":{"start":{"line":426,"column":2},"end":{"line":428,"column":3}},"118":{"start":{"line":427,"column":4},"end":{"line":427,"column":26}},"119":{"start":{"line":430,"column":2},"end":{"line":430,"column":27}},"120":{"start":{"line":431,"column":2},"end":{"line":431,"column":39}},"121":{"start":{"line":437,"column":29},"end":{"line":474,"column":3}},"122":{"start":{"line":440,"column":4},"end":{"line":440,"column":25}},"123":{"start":{"line":441,"column":4},"end":{"line":441,"column":25}},"124":{"start":{"line":442,"column":4},"end":{"line":445,"column":6}},"125":{"start":{"line":452,"column":6},"end":{"line":452,"column":27}},"126":{"start":{"line":453,"column":6},"end":{"line":453,"column":27}},"127":{"start":{"line":454,"column":6},"end":{"line":454,"column":143}},"128":{"start":{"line":457,"column":6},"end":{"line":457,"column":27}},"129":{"start":{"line":458,"column":6},"end":{"line":458,"column":27}},"130":{"start":{"line":459,"column":6},"end":{"line":459,"column":149}},"131":{"start":{"line":462,"column":6},"end":{"line":462,"column":27}},"132":{"start":{"line":463,"column":6},"end":{"line":463,"column":27}},"133":{"start":{"line":464,"column":6},"end":{"line":464,"column":151}},"134":{"start":{"line":469,"column":6},"end":{"line":469,"column":27}},"135":{"start":{"line":470,"column":6},"end":{"line":470,"column":27}},"136":{"start":{"line":471,"column":6},"end":{"line":471,"column":33}},"137":{"start":{"line":486,"column":0},"end":{"line":486,"column":43}},"138":{"start":{"line":487,"column":20},"end":{"line":520,"column":3}},"139":{"start":{"line":488,"column":13},"end":{"line":488,"column":111}},"140":{"start":{"line":489,"column":13},"end":{"line":489,"column":55}},"141":{"start":{"line":490,"column":17},"end":{"line":490,"column":43}},"142":{"start":{"line":491,"column":15},"end":{"line":491,"column":44}},"143":{"start":{"line":492,"column":12},"end":{"line":492,"column":26}},"144":{"start":{"line":493,"column":21},"end":{"line":511,"column":3}},"145":{"start":{"line":512,"column":17},"end":{"line":512,"column":50}},"146":{"start":{"line":514,"column":2},"end":{"line":516,"column":3}},"147":{"start":{"line":515,"column":4},"end":{"line":515,"column":26}},"148":{"start":{"line":518,"column":2},"end":{"line":518,"column":27}},"149":{"start":{"line":519,"column":2},"end":{"line":519,"column":39}},"150":{"start":{"line":522,"column":29},"end":{"line":530,"column":3}},"151":{"start":{"line":542,"column":0},"end":{"line":542,"column":43}},"152":{"start":{"line":543,"column":92},"end":{"line":543,"column":193}},"153":{"start":{"line":544,"column":113},"end":{"line":544,"column":200}},"154":{"start":{"line":545,"column":66},"end":{"line":545,"column":140}},"155":{"start":{"line":546,"column":61},"end":{"line":546,"column":100}},"156":{"start":{"line":547,"column":82},"end":{"line":547,"column":138}},"157":{"start":{"line":548,"column":21},"end":{"line":884,"column":3}},"158":{"start":{"line":549,"column":13},"end":{"line":549,"column":112}},"159":{"start":{"line":550,"column":13},"end":{"line":550,"column":55}},"160":{"start":{"line":551,"column":17},"end":{"line":551,"column":43}},"161":{"start":{"line":552,"column":15},"end":{"line":552,"column":44}},"162":{"start":{"line":553,"column":12},"end":{"line":553,"column":26}},"163":{"start":{"line":554,"column":21},"end":{"line":875,"column":3}},"164":{"start":{"line":876,"column":17},"end":{"line":876,"column":50}},"165":{"start":{"line":878,"column":2},"end":{"line":880,"column":3}},"166":{"start":{"line":879,"column":4},"end":{"line":879,"column":26}},"167":{"start":{"line":882,"column":2},"end":{"line":882,"column":27}},"168":{"start":{"line":883,"column":2},"end":{"line":883,"column":39}},"169":{"start":{"line":889,"column":29},"end":{"line":944,"column":3}},"170":{"start":{"line":892,"column":4},"end":{"line":892,"column":26}},"171":{"start":{"line":893,"column":4},"end":{"line":893,"column":26}},"172":{"start":{"line":894,"column":4},"end":{"line":896,"column":6}},"173":{"start":{"line":904,"column":18},"end":{"line":904,"column":22}},"174":{"start":{"line":906,"column":6},"end":{"line":906,"column":28}},"175":{"start":{"line":907,"column":6},"end":{"line":907,"column":28}},"176":{"start":{"line":908,"column":6},"end":{"line":916,"column":9}},"177":{"start":{"line":909,"column":8},"end":{"line":909,"column":30}},"178":{"start":{"line":910,"column":8},"end":{"line":910,"column":30}},"179":{"start":{"line":911,"column":8},"end":{"line":911,"column":38}},"180":{"start":{"line":913,"column":8},"end":{"line":913,"column":30}},"181":{"start":{"line":914,"column":8},"end":{"line":914,"column":30}},"182":{"start":{"line":915,"column":8},"end":{"line":915,"column":75}},"183":{"start":{"line":919,"column":6},"end":{"line":919,"column":28}},"184":{"start":{"line":920,"column":6},"end":{"line":920,"column":28}},"185":{"start":{"line":921,"column":6},"end":{"line":921,"column":37}},"186":{"start":{"line":924,"column":19},"end":{"line":924,"column":23}},"187":{"start":{"line":926,"column":6},"end":{"line":926,"column":28}},"188":{"start":{"line":927,"column":6},"end":{"line":927,"column":28}},"189":{"start":{"line":928,"column":6},"end":{"line":941,"column":9}},"190":{"start":{"line":929,"column":8},"end":{"line":929,"column":30}},"191":{"start":{"line":930,"column":8},"end":{"line":930,"column":30}},"192":{"start":{"line":931,"column":8},"end":{"line":931,"column":68}},"193":{"start":{"line":932,"column":8},"end":{"line":932,"column":30}},"194":{"start":{"line":934,"column":8},"end":{"line":936,"column":11}},"195":{"start":{"line":938,"column":8},"end":{"line":938,"column":30}},"196":{"start":{"line":939,"column":8},"end":{"line":939,"column":30}},"197":{"start":{"line":940,"column":8},"end":{"line":940,"column":34}},"198":{"start":{"line":956,"column":0},"end":{"line":956,"column":43}},"199":{"start":{"line":957,"column":27},"end":{"line":1589,"column":151}},"200":{"start":{"line":957,"column":139},"end":{"line":957,"column":240}},"201":{"start":{"line":958,"column":113},"end":{"line":958,"column":200}},"202":{"start":{"line":959,"column":66},"end":{"line":959,"column":115}},"203":{"start":{"line":960,"column":87},"end":{"line":960,"column":148}},"204":{"start":{"line":961,"column":61},"end":{"line":961,"column":100}},"205":{"start":{"line":962,"column":82},"end":{"line":962,"column":138}},"206":{"start":{"line":963,"column":21},"end":{"line":1483,"column":3}},"207":{"start":{"line":964,"column":13},"end":{"line":964,"column":112}},"208":{"start":{"line":965,"column":13},"end":{"line":965,"column":55}},"209":{"start":{"line":966,"column":17},"end":{"line":966,"column":43}},"210":{"start":{"line":967,"column":15},"end":{"line":967,"column":44}},"211":{"start":{"line":968,"column":12},"end":{"line":968,"column":26}},"212":{"start":{"line":969,"column":21},"end":{"line":1474,"column":3}},"213":{"start":{"line":1475,"column":17},"end":{"line":1475,"column":50}},"214":{"start":{"line":1477,"column":2},"end":{"line":1479,"column":3}},"215":{"start":{"line":1478,"column":4},"end":{"line":1478,"column":26}},"216":{"start":{"line":1481,"column":2},"end":{"line":1481,"column":27}},"217":{"start":{"line":1482,"column":2},"end":{"line":1482,"column":39}},"218":{"start":{"line":1488,"column":29},"end":{"line":1588,"column":3}},"219":{"start":{"line":1491,"column":4},"end":{"line":1491,"column":26}},"220":{"start":{"line":1492,"column":4},"end":{"line":1492,"column":26}},"221":{"start":{"line":1493,"column":4},"end":{"line":1496,"column":6}},"222":{"start":{"line":1503,"column":4},"end":{"line":1503,"column":26}},"223":{"start":{"line":1504,"column":4},"end":{"line":1504,"column":26}},"224":{"start":{"line":1506,"column":4},"end":{"line":1514,"column":5}},"225":{"start":{"line":1507,"column":6},"end":{"line":1507,"column":31}},"226":{"start":{"line":1508,"column":6},"end":{"line":1508,"column":28}},"227":{"start":{"line":1509,"column":6},"end":{"line":1511,"column":9}},"228":{"start":{"line":1513,"column":6},"end":{"line":1513,"column":31}},"229":{"start":{"line":1518,"column":18},"end":{"line":1518,"column":22}},"230":{"start":{"line":1520,"column":6},"end":{"line":1520,"column":28}},"231":{"start":{"line":1521,"column":6},"end":{"line":1521,"column":28}},"232":{"start":{"line":1522,"column":6},"end":{"line":1534,"column":9}},"233":{"start":{"line":1523,"column":8},"end":{"line":1523,"column":30}},"234":{"start":{"line":1524,"column":8},"end":{"line":1524,"column":30}},"235":{"start":{"line":1526,"column":8},"end":{"line":1533,"column":9}},"236":{"start":{"line":1527,"column":10},"end":{"line":1527,"column":35}},"237":{"start":{"line":1528,"column":10},"end":{"line":1528,"column":32}},"238":{"start":{"line":1530,"column":10},"end":{"line":1530,"column":24}},"239":{"start":{"line":1532,"column":10},"end":{"line":1532,"column":35}},"240":{"start":{"line":1537,"column":19},"end":{"line":1537,"column":23}},"241":{"start":{"line":1539,"column":6},"end":{"line":1539,"column":28}},"242":{"start":{"line":1540,"column":6},"end":{"line":1540,"column":28}},"243":{"start":{"line":1541,"column":6},"end":{"line":1552,"column":9}},"244":{"start":{"line":1549,"column":8},"end":{"line":1549,"column":30}},"245":{"start":{"line":1550,"column":8},"end":{"line":1550,"column":30}},"246":{"start":{"line":1551,"column":8},"end":{"line":1551,"column":75}},"247":{"start":{"line":1555,"column":19},"end":{"line":1555,"column":23}},"248":{"start":{"line":1557,"column":6},"end":{"line":1557,"column":28}},"249":{"start":{"line":1558,"column":6},"end":{"line":1558,"column":28}},"250":{"start":{"line":1559,"column":6},"end":{"line":1585,"column":9}},"251":{"start":{"line":1560,"column":8},"end":{"line":1560,"column":30}},"252":{"start":{"line":1561,"column":8},"end":{"line":1561,"column":30}},"253":{"start":{"line":1563,"column":8},"end":{"line":1577,"column":9}},"254":{"start":{"line":1564,"column":10},"end":{"line":1564,"column":35}},"255":{"start":{"line":1565,"column":10},"end":{"line":1565,"column":33}},"256":{"start":{"line":1567,"column":10},"end":{"line":1569,"column":13}},"257":{"start":{"line":1571,"column":10},"end":{"line":1571,"column":35}},"258":{"start":{"line":1572,"column":10},"end":{"line":1572,"column":33}},"259":{"start":{"line":1574,"column":10},"end":{"line":1576,"column":13}},"260":{"start":{"line":1579,"column":8},"end":{"line":1579,"column":31}},"261":{"start":{"line":1580,"column":8},"end":{"line":1580,"column":64}},"262":{"start":{"line":1582,"column":8},"end":{"line":1582,"column":30}},"263":{"start":{"line":1583,"column":8},"end":{"line":1583,"column":31}},"264":{"start":{"line":1584,"column":8},"end":{"line":1584,"column":34}},"265":{"start":{"line":1600,"column":27},"end":{"line":1610,"column":146}},"266":{"start":{"line":1601,"column":26},"end":{"line":1601,"column":77}},"267":{"start":{"line":1602,"column":19},"end":{"line":1602,"column":43}},"268":{"start":{"line":1605,"column":10},"end":{"line":1607,"column":1}},"269":{"start":{"line":1609,"column":0},"end":{"line":1609,"column":35}},"270":{"start":{"line":1622,"column":14},"end":{"line":1622,"column":33}},"271":{"start":{"line":1633,"column":4},"end":{"line":1633,"column":55}},"272":{"start":{"line":1636,"column":4},"end":{"line":1636,"column":57}},"273":{"start":{"line":1638,"column":0},"end":{"line":1657,"column":5}},"274":{"start":{"line":1639,"column":4},"end":{"line":1647,"column":5}},"275":{"start":{"line":1640,"column":8},"end":{"line":1644,"column":9}},"276":{"start":{"line":1641,"column":12},"end":{"line":1641,"column":42}},"277":{"start":{"line":1643,"column":12},"end":{"line":1643,"column":48}},"278":{"start":{"line":1646,"column":8},"end":{"line":1646,"column":44}},"279":{"start":{"line":1648,"column":4},"end":{"line":1656,"column":5}},"280":{"start":{"line":1649,"column":8},"end":{"line":1653,"column":9}},"281":{"start":{"line":1650,"column":12},"end":{"line":1650,"column":46}},"282":{"start":{"line":1652,"column":12},"end":{"line":1652,"column":53}},"283":{"start":{"line":1655,"column":8},"end":{"line":1655,"column":49}},"284":{"start":{"line":1659,"column":4},"end":{"line":1662,"column":5}},"285":{"start":{"line":1661,"column":8},"end":{"line":1661,"column":34}},"286":{"start":{"line":1664,"column":4},"end":{"line":1667,"column":5}},"287":{"start":{"line":1665,"column":8},"end":{"line":1665,"column":38}},"288":{"start":{"line":1666,"column":8},"end":{"line":1666,"column":34}},"289":{"start":{"line":1668,"column":4},"end":{"line":1679,"column":5}},"290":{"start":{"line":1670,"column":8},"end":{"line":1670,"column":40}},"291":{"start":{"line":1672,"column":8},"end":{"line":1678,"column":9}},"292":{"start":{"line":1674,"column":12},"end":{"line":1674,"column":55}},"293":{"start":{"line":1677,"column":12},"end":{"line":1677,"column":55}},"294":{"start":{"line":1684,"column":4},"end":{"line":1687,"column":5}},"295":{"start":{"line":1686,"column":8},"end":{"line":1686,"column":36}},"296":{"start":{"line":1689,"column":4},"end":{"line":1692,"column":5}},"297":{"start":{"line":1690,"column":8},"end":{"line":1690,"column":42}},"298":{"start":{"line":1691,"column":8},"end":{"line":1691,"column":36}},"299":{"start":{"line":1693,"column":4},"end":{"line":1705,"column":5}},"300":{"start":{"line":1695,"column":8},"end":{"line":1695,"column":42}},"301":{"start":{"line":1697,"column":8},"end":{"line":1704,"column":9}},"302":{"start":{"line":1699,"column":12},"end":{"line":1699,"column":57}},"303":{"start":{"line":1703,"column":12},"end":{"line":1703,"column":57}},"304":{"start":{"line":1710,"column":12},"end":{"line":1710,"column":14}},"305":{"start":{"line":1711,"column":15},"end":{"line":1711,"column":20}},"306":{"start":{"line":1713,"column":17},"end":{"line":1713,"column":19}},"307":{"start":{"line":1716,"column":4},"end":{"line":1718,"column":5}},"308":{"start":{"line":1717,"column":8},"end":{"line":1717,"column":15}},"309":{"start":{"line":1719,"column":4},"end":{"line":1719,"column":21}},"310":{"start":{"line":1720,"column":4},"end":{"line":1724,"column":5}},"311":{"start":{"line":1721,"column":8},"end":{"line":1721,"column":43}},"312":{"start":{"line":1723,"column":8},"end":{"line":1723,"column":24}},"313":{"start":{"line":1725,"column":4},"end":{"line":1727,"column":5}},"314":{"start":{"line":1726,"column":8},"end":{"line":1726,"column":21}},"315":{"start":{"line":1731,"column":4},"end":{"line":1733,"column":5}},"316":{"start":{"line":1732,"column":8},"end":{"line":1732,"column":15}},"317":{"start":{"line":1734,"column":18},"end":{"line":1734,"column":45}},"318":{"start":{"line":1735,"column":4},"end":{"line":1735,"column":20}},"319":{"start":{"line":1737,"column":14},"end":{"line":1737,"column":26}},"320":{"start":{"line":1738,"column":4},"end":{"line":1748,"column":5}},"321":{"start":{"line":1739,"column":8},"end":{"line":1739,"column":29}},"322":{"start":{"line":1740,"column":8},"end":{"line":1740,"column":19}},"323":{"start":{"line":1741,"column":8},"end":{"line":1745,"column":9}},"324":{"start":{"line":1742,"column":12},"end":{"line":1744,"column":13}},"325":{"start":{"line":1743,"column":16},"end":{"line":1743,"column":47}},"326":{"start":{"line":1746,"column":8},"end":{"line":1746,"column":24}},"327":{"start":{"line":1747,"column":8},"end":{"line":1747,"column":27}},"328":{"start":{"line":1749,"column":4},"end":{"line":1749,"column":24}},"329":{"start":{"line":1750,"column":4},"end":{"line":1750,"column":21}},"330":{"start":{"line":1751,"column":4},"end":{"line":1751,"column":29}},"331":{"start":{"line":1754,"column":0},"end":{"line":1765,"column":2}},"332":{"start":{"line":1755,"column":15},"end":{"line":1755,"column":46}},"333":{"start":{"line":1756,"column":4},"end":{"line":1760,"column":5}},"334":{"start":{"line":1757,"column":8},"end":{"line":1759,"column":9}},"335":{"start":{"line":1758,"column":12},"end":{"line":1758,"column":39}},"336":{"start":{"line":1761,"column":4},"end":{"line":1761,"column":36}},"337":{"start":{"line":1762,"column":4},"end":{"line":1764,"column":5}},"338":{"start":{"line":1763,"column":8},"end":{"line":1763,"column":31}},"339":{"start":{"line":1769,"column":4},"end":{"line":1769,"column":19}},"340":{"start":{"line":1770,"column":4},"end":{"line":1770,"column":23}},"341":{"start":{"line":1772,"column":0},"end":{"line":1774,"column":2}},"342":{"start":{"line":1773,"column":4},"end":{"line":1773,"column":37}},"343":{"start":{"line":1775,"column":0},"end":{"line":1775,"column":26}},"344":{"start":{"line":1776,"column":0},"end":{"line":1776,"column":23}},"345":{"start":{"line":1777,"column":0},"end":{"line":1777,"column":17}},"346":{"start":{"line":1778,"column":0},"end":{"line":1778,"column":18}},"347":{"start":{"line":1779,"column":0},"end":{"line":1779,"column":21}},"348":{"start":{"line":1780,"column":0},"end":{"line":1780,"column":22}},"349":{"start":{"line":1784,"column":0},"end":{"line":1784,"column":18}},"350":{"start":{"line":1785,"column":0},"end":{"line":1785,"column":27}},"351":{"start":{"line":1786,"column":0},"end":{"line":1786,"column":20}},"352":{"start":{"line":1787,"column":0},"end":{"line":1787,"column":19}},"353":{"start":{"line":1788,"column":0},"end":{"line":1788,"column":30}},"354":{"start":{"line":1789,"column":0},"end":{"line":1789,"column":34}},"355":{"start":{"line":1790,"column":0},"end":{"line":1790,"column":20}},"356":{"start":{"line":1791,"column":0},"end":{"line":1791,"column":31}},"357":{"start":{"line":1792,"column":0},"end":{"line":1792,"column":35}},"358":{"start":{"line":1794,"column":0},"end":{"line":1794,"column":49}},"359":{"start":{"line":1794,"column":38},"end":{"line":1794,"column":47}},"360":{"start":{"line":1796,"column":0},"end":{"line":1798,"column":2}},"361":{"start":{"line":1797,"column":4},"end":{"line":1797,"column":56}},"362":{"start":{"line":1800,"column":0},"end":{"line":1800,"column":41}},"363":{"start":{"line":1800,"column":28},"end":{"line":1800,"column":38}},"364":{"start":{"line":1801,"column":0},"end":{"line":1803,"column":2}},"365":{"start":{"line":1802,"column":4},"end":{"line":1802,"column":54}},"366":{"start":{"line":1804,"column":0},"end":{"line":1804,"column":41}},"367":{"start":{"line":1804,"column":29},"end":{"line":1804,"column":38}},"368":{"start":{"line":1816,"column":0},"end":{"line":1816,"column":61}},"369":{"start":{"line":1828,"column":0},"end":{"line":1828,"column":43}},"370":{"start":{"line":1829,"column":31},"end":{"line":1829,"column":115}},"371":{"start":{"line":1829,"column":97},"end":{"line":1829,"column":111}},"372":{"start":{"line":1830,"column":31},"end":{"line":1830,"column":133}},"373":{"start":{"line":1830,"column":106},"end":{"line":1830,"column":129}},"374":{"start":{"line":1831,"column":13},"end":{"line":1894,"column":1}},"375":{"start":{"line":1832,"column":12},"end":{"line":1832,"column":16}},"376":{"start":{"line":1833,"column":11},"end":{"line":1833,"column":29}},"377":{"start":{"line":1834,"column":11},"end":{"line":1834,"column":29}},"378":{"start":{"line":1835,"column":2},"end":{"line":1893,"column":3}},"379":{"start":{"line":1895,"column":22},"end":{"line":1895,"column":24}},"380":{"start":{"line":1896,"column":0},"end":{"line":1896,"column":27}},"381":{"start":{"line":1910,"column":0},"end":{"line":1910,"column":43}},"382":{"start":{"line":1911,"column":31},"end":{"line":1911,"column":115}},"383":{"start":{"line":1911,"column":97},"end":{"line":1911,"column":111}},"384":{"start":{"line":1912,"column":31},"end":{"line":1912,"column":133}},"385":{"start":{"line":1912,"column":106},"end":{"line":1912,"column":129}},"386":{"start":{"line":1913,"column":13},"end":{"line":1922,"column":1}},"387":{"start":{"line":1914,"column":12},"end":{"line":1914,"column":16}},"388":{"start":{"line":1915,"column":11},"end":{"line":1915,"column":29}},"389":{"start":{"line":1916,"column":11},"end":{"line":1916,"column":29}},"390":{"start":{"line":1917,"column":2},"end":{"line":1921,"column":14}},"391":{"start":{"line":1923,"column":22},"end":{"line":1923,"column":24}},"392":{"start":{"line":1924,"column":0},"end":{"line":1924,"column":27}},"393":{"start":{"line":1938,"column":0},"end":{"line":1938,"column":43}},"394":{"start":{"line":1939,"column":31},"end":{"line":1939,"column":115}},"395":{"start":{"line":1939,"column":97},"end":{"line":1939,"column":111}},"396":{"start":{"line":1940,"column":31},"end":{"line":1940,"column":133}},"397":{"start":{"line":1940,"column":106},"end":{"line":1940,"column":129}},"398":{"start":{"line":1941,"column":13},"end":{"line":2046,"column":1}},"399":{"start":{"line":1942,"column":12},"end":{"line":1942,"column":16}},"400":{"start":{"line":1943,"column":11},"end":{"line":1943,"column":29}},"401":{"start":{"line":1944,"column":11},"end":{"line":1944,"column":29}},"402":{"start":{"line":1945,"column":2},"end":{"line":2045,"column":3}},"403":{"start":{"line":1965,"column":22},"end":{"line":1965,"column":45}},"404":{"start":{"line":1966,"column":22},"end":{"line":1966,"column":48}},"405":{"start":{"line":1989,"column":24},"end":{"line":1989,"column":47}},"406":{"start":{"line":1990,"column":24},"end":{"line":1990,"column":57}},"407":{"start":{"line":2007,"column":22},"end":{"line":2034,"column":23}},"408":{"start":{"line":2017,"column":34},"end":{"line":2017,"column":57}},"409":{"start":{"line":2018,"column":34},"end":{"line":2018,"column":52}},"410":{"start":{"line":2047,"column":22},"end":{"line":2061,"column":1}},"411":{"start":{"line":2049,"column":14},"end":{"line":2049,"column":18}},"412":{"start":{"line":2050,"column":13},"end":{"line":2050,"column":31}},"413":{"start":{"line":2051,"column":13},"end":{"line":2051,"column":31}},"414":{"start":{"line":2052,"column":4},"end":{"line":2059,"column":6}},"415":{"start":{"line":2062,"column":0},"end":{"line":2062,"column":27}},"416":{"start":{"line":2076,"column":0},"end":{"line":2076,"column":43}},"417":{"start":{"line":2077,"column":31},"end":{"line":2077,"column":115}},"418":{"start":{"line":2077,"column":97},"end":{"line":2077,"column":111}},"419":{"start":{"line":2078,"column":31},"end":{"line":2078,"column":133}},"420":{"start":{"line":2078,"column":106},"end":{"line":2078,"column":129}},"421":{"start":{"line":2079,"column":13},"end":{"line":2228,"column":1}},"422":{"start":{"line":2080,"column":12},"end":{"line":2080,"column":16}},"423":{"start":{"line":2081,"column":11},"end":{"line":2081,"column":29}},"424":{"start":{"line":2082,"column":11},"end":{"line":2082,"column":29}},"425":{"start":{"line":2083,"column":2},"end":{"line":2227,"column":4}},"426":{"start":{"line":2094,"column":20},"end":{"line":2094,"column":43}},"427":{"start":{"line":2095,"column":20},"end":{"line":2095,"column":59}},"428":{"start":{"line":2136,"column":26},"end":{"line":2138,"column":27}},"429":{"start":{"line":2137,"column":28},"end":{"line":2137,"column":34}},"430":{"start":{"line":2139,"column":26},"end":{"line":2139,"column":60}},"431":{"start":{"line":2196,"column":26},"end":{"line":2198,"column":27}},"432":{"start":{"line":2197,"column":28},"end":{"line":2197,"column":34}},"433":{"start":{"line":2199,"column":26},"end":{"line":2199,"column":60}},"434":{"start":{"line":2229,"column":22},"end":{"line":2253,"column":1}},"435":{"start":{"line":2231,"column":14},"end":{"line":2231,"column":18}},"436":{"start":{"line":2232,"column":13},"end":{"line":2232,"column":31}},"437":{"start":{"line":2233,"column":13},"end":{"line":2233,"column":31}},"438":{"start":{"line":2234,"column":4},"end":{"line":2236,"column":6}},"439":{"start":{"line":2239,"column":14},"end":{"line":2239,"column":18}},"440":{"start":{"line":2240,"column":13},"end":{"line":2240,"column":31}},"441":{"start":{"line":2241,"column":13},"end":{"line":2241,"column":31}},"442":{"start":{"line":2242,"column":4},"end":{"line":2251,"column":6}},"443":{"start":{"line":2254,"column":0},"end":{"line":2254,"column":27}},"444":{"start":{"line":2268,"column":0},"end":{"line":2268,"column":43}},"445":{"start":{"line":2269,"column":31},"end":{"line":2269,"column":128}},"446":{"start":{"line":2269,"column":98},"end":{"line":2269,"column":124}},"447":{"start":{"line":2287,"column":16},"end":{"line":2289,"column":19}},"448":{"start":{"line":2292,"column":2},"end":{"line":2296,"column":3}},"449":{"start":{"line":2293,"column":4},"end":{"line":2293,"column":27}},"450":{"start":{"line":2294,"column":4},"end":{"line":2294,"column":45}},"451":{"start":{"line":2295,"column":4},"end":{"line":2295,"column":28}},"452":{"start":{"line":2299,"column":2},"end":{"line":2301,"column":3}},"453":{"start":{"line":2300,"column":4},"end":{"line":2300,"column":29}},"454":{"start":{"line":2304,"column":2},"end":{"line":2306,"column":3}},"455":{"start":{"line":2305,"column":4},"end":{"line":2305,"column":42}},"456":{"start":{"line":2309,"column":2},"end":{"line":2336,"column":3}},"457":{"start":{"line":2310,"column":4},"end":{"line":2328,"column":5}},"458":{"start":{"line":2312,"column":6},"end":{"line":2315,"column":76}},"459":{"start":{"line":2317,"column":6},"end":{"line":2319,"column":7}},"460":{"start":{"line":2318,"column":8},"end":{"line":2318,"column":37}},"461":{"start":{"line":2321,"column":6},"end":{"line":2323,"column":7}},"462":{"start":{"line":2322,"column":8},"end":{"line":2322,"column":40}},"463":{"start":{"line":2325,"column":6},"end":{"line":2327,"column":7}},"464":{"start":{"line":2326,"column":8},"end":{"line":2326,"column":59}},"465":{"start":{"line":2331,"column":4},"end":{"line":2331,"column":31}},"466":{"start":{"line":2332,"column":9},"end":{"line":2336,"column":3}},"467":{"start":{"line":2333,"column":4},"end":{"line":2335,"column":20}},"468":{"start":{"line":2334,"column":22},"end":{"line":2334,"column":77}},"469":{"start":{"line":2338,"column":2},"end":{"line":2356,"column":3}},"470":{"start":{"line":2339,"column":4},"end":{"line":2355,"column":5}},"471":{"start":{"line":2342,"column":6},"end":{"line":2342,"column":34}},"472":{"start":{"line":2344,"column":27},"end":{"line":2344,"column":41}},"473":{"start":{"line":2345,"column":6},"end":{"line":2348,"column":7}},"474":{"start":{"line":2346,"column":8},"end":{"line":2346,"column":26}},"475":{"start":{"line":2347,"column":8},"end":{"line":2347,"column":41}},"476":{"start":{"line":2351,"column":21},"end":{"line":2351,"column":41}},"477":{"start":{"line":2352,"column":6},"end":{"line":2354,"column":16}},"478":{"start":{"line":2358,"column":2},"end":{"line":2361,"column":3}},"479":{"start":{"line":2377,"column":0},"end":{"line":2379,"column":5}},"480":{"start":{"line":2378,"column":1},"end":{"line":2378,"column":13}},"481":{"start":{"line":2381,"column":0},"end":{"line":2387,"column":1}},"482":{"start":{"line":2383,"column":1},"end":{"line":2383,"column":40}},"483":{"start":{"line":2386,"column":1},"end":{"line":2386,"column":44}},"484":{"start":{"line":2386,"column":33},"end":{"line":2386,"column":44}},"485":{"start":{"line":2393,"column":0},"end":{"line":2393,"column":19}},"486":{"start":{"line":2405,"column":0},"end":{"line":2405,"column":85}},"487":{"start":{"line":2416,"column":0},"end":{"line":2416,"column":88}},"488":{"start":{"line":2428,"column":0},"end":{"line":2428,"column":43}},"489":{"start":{"line":2429,"column":105},"end":{"line":2429,"column":258}},"490":{"start":{"line":2430,"column":90},"end":{"line":2430,"column":213}},"491":{"start":{"line":2431,"column":156},"end":{"line":2431,"column":314}},"492":{"start":{"line":2439,"column":16},"end":{"line":2448,"column":1}},"493":{"start":{"line":2451,"column":0},"end":{"line":2451,"column":23}},"494":{"start":{"line":2452,"column":0},"end":{"line":2452,"column":60}},"495":{"start":{"line":2453,"column":29},"end":{"line":2453,"column":82}},"496":{"start":{"line":2465,"column":0},"end":{"line":2465,"column":43}},"497":{"start":{"line":2466,"column":191},"end":{"line":2466,"column":502}},"498":{"start":{"line":2467,"column":70},"end":{"line":2467,"column":280}},"499":{"start":{"line":2479,"column":0},"end":{"line":2479,"column":43}},"500":{"start":{"line":2480,"column":273},"end":{"line":2480,"column":745}},"501":{"start":{"line":2481,"column":30},"end":{"line":2481,"column":363}},"502":{"start":{"line":2481,"column":96},"end":{"line":2481,"column":359}},"503":{"start":{"line":2483,"column":30},"end":{"line":2483,"column":381}},"504":{"start":{"line":2483,"column":105},"end":{"line":2483,"column":377}},"505":{"start":{"line":2497,"column":0},"end":{"line":2497,"column":43}},"506":{"start":{"line":2498,"column":107},"end":{"line":2498,"column":264}},"507":{"start":{"line":2499,"column":92},"end":{"line":2499,"column":219}},"508":{"start":{"line":2500,"column":156},"end":{"line":2500,"column":314}},"509":{"start":{"line":2508,"column":16},"end":{"line":2517,"column":1}},"510":{"start":{"line":2520,"column":0},"end":{"line":2520,"column":23}},"511":{"start":{"line":2521,"column":0},"end":{"line":2521,"column":62}},"512":{"start":{"line":2522,"column":29},"end":{"line":2522,"column":82}},"513":{"start":{"line":2534,"column":0},"end":{"line":2534,"column":43}},"514":{"start":{"line":2535,"column":193},"end":{"line":2535,"column":508}},"515":{"start":{"line":2536,"column":70},"end":{"line":2536,"column":282}},"516":{"start":{"line":2548,"column":0},"end":{"line":2548,"column":43}},"517":{"start":{"line":2549,"column":275},"end":{"line":2549,"column":751}},"518":{"start":{"line":2550,"column":30},"end":{"line":2550,"column":365}},"519":{"start":{"line":2550,"column":96},"end":{"line":2550,"column":361}},"520":{"start":{"line":2552,"column":30},"end":{"line":2552,"column":383}},"521":{"start":{"line":2552,"column":105},"end":{"line":2552,"column":379}},"522":{"start":{"line":2566,"column":0},"end":{"line":2566,"column":43}},"523":{"start":{"line":2567,"column":120},"end":{"line":2567,"column":303}},"524":{"start":{"line":2568,"column":93},"end":{"line":2568,"column":222}},"525":{"start":{"line":2569,"column":166},"end":{"line":2569,"column":361}},"526":{"start":{"line":2570,"column":116},"end":{"line":2570,"column":274}},"527":{"start":{"line":2579,"column":16},"end":{"line":2588,"column":1}},"528":{"start":{"line":2591,"column":0},"end":{"line":2591,"column":23}},"529":{"start":{"line":2592,"column":0},"end":{"line":2592,"column":63}},"530":{"start":{"line":2593,"column":29},"end":{"line":2593,"column":82}},"531":{"start":{"line":2605,"column":0},"end":{"line":2605,"column":43}},"532":{"start":{"line":2606,"column":194},"end":{"line":2606,"column":511}},"533":{"start":{"line":2607,"column":70},"end":{"line":2607,"column":283}},"534":{"start":{"line":2619,"column":0},"end":{"line":2619,"column":43}},"535":{"start":{"line":2620,"column":254},"end":{"line":2620,"column":705}},"536":{"start":{"line":2621,"column":275},"end":{"line":2621,"column":524}},"537":{"start":{"line":2622,"column":33},"end":{"line":2622,"column":684}},"538":{"start":{"line":2622,"column":295},"end":{"line":2622,"column":684}},"539":{"start":{"line":2622,"column":336},"end":{"line":2622,"column":684}},"540":{"start":{"line":2622,"column":353},"end":{"line":2622,"column":656}},"541":{"start":{"line":2622,"column":414},"end":{"line":2622,"column":653}},"542":{"start":{"line":2623,"column":30},"end":{"line":2623,"column":302}},"543":{"start":{"line":2635,"column":0},"end":{"line":2635,"column":43}},"544":{"start":{"line":2636,"column":288},"end":{"line":2636,"column":790}},"545":{"start":{"line":2637,"column":30},"end":{"line":2637,"column":378}},"546":{"start":{"line":2637,"column":96},"end":{"line":2637,"column":374}},"547":{"start":{"line":2639,"column":30},"end":{"line":2639,"column":396}},"548":{"start":{"line":2639,"column":105},"end":{"line":2639,"column":392}},"549":{"start":{"line":2653,"column":0},"end":{"line":2653,"column":43}},"550":{"start":{"line":2654,"column":107},"end":{"line":2654,"column":264}},"551":{"start":{"line":2655,"column":92},"end":{"line":2655,"column":219}},"552":{"start":{"line":2656,"column":156},"end":{"line":2656,"column":317}},"553":{"start":{"line":2664,"column":16},"end":{"line":2673,"column":1}},"554":{"start":{"line":2676,"column":0},"end":{"line":2676,"column":23}},"555":{"start":{"line":2677,"column":0},"end":{"line":2677,"column":62}},"556":{"start":{"line":2678,"column":29},"end":{"line":2678,"column":82}},"557":{"start":{"line":2690,"column":0},"end":{"line":2690,"column":43}},"558":{"start":{"line":2691,"column":193},"end":{"line":2691,"column":514}},"559":{"start":{"line":2692,"column":70},"end":{"line":2692,"column":282}},"560":{"start":{"line":2704,"column":0},"end":{"line":2704,"column":43}},"561":{"start":{"line":2705,"column":275},"end":{"line":2705,"column":760}},"562":{"start":{"line":2706,"column":30},"end":{"line":2706,"column":365}},"563":{"start":{"line":2706,"column":96},"end":{"line":2706,"column":361}},"564":{"start":{"line":2708,"column":30},"end":{"line":2708,"column":383}},"565":{"start":{"line":2708,"column":105},"end":{"line":2708,"column":379}},"566":{"start":{"line":2722,"column":0},"end":{"line":2722,"column":43}},"567":{"start":{"line":2723,"column":31},"end":{"line":2723,"column":113}},"568":{"start":{"line":2723,"column":96},"end":{"line":2723,"column":109}},"569":{"start":{"line":2724,"column":94},"end":{"line":2724,"column":199}},"570":{"start":{"line":2725,"column":115},"end":{"line":2725,"column":204}},"571":{"start":{"line":2726,"column":91},"end":{"line":2726,"column":190}},"572":{"start":{"line":2727,"column":112},"end":{"line":2727,"column":198}},"573":{"start":{"line":2728,"column":60},"end":{"line":2728,"column":97}},"574":{"start":{"line":2729,"column":81},"end":{"line":2729,"column":136}},"575":{"start":{"line":2730,"column":20},"end":{"line":2982,"column":3}},"576":{"start":{"line":2731,"column":13},"end":{"line":2731,"column":106}},"577":{"start":{"line":2732,"column":13},"end":{"line":2732,"column":55}},"578":{"start":{"line":2733,"column":17},"end":{"line":2733,"column":43}},"579":{"start":{"line":2734,"column":15},"end":{"line":2734,"column":44}},"580":{"start":{"line":2735,"column":12},"end":{"line":2735,"column":26}},"581":{"start":{"line":2736,"column":21},"end":{"line":2973,"column":3}},"582":{"start":{"line":2974,"column":17},"end":{"line":2974,"column":50}},"583":{"start":{"line":2976,"column":2},"end":{"line":2978,"column":3}},"584":{"start":{"line":2977,"column":4},"end":{"line":2977,"column":26}},"585":{"start":{"line":2980,"column":2},"end":{"line":2980,"column":27}},"586":{"start":{"line":2981,"column":2},"end":{"line":2981,"column":39}},"587":{"start":{"line":2988,"column":15},"end":{"line":3040,"column":3}},"588":{"start":{"line":2990,"column":4},"end":{"line":2990,"column":97}},"589":{"start":{"line":2992,"column":4},"end":{"line":2992,"column":25}},"590":{"start":{"line":2993,"column":4},"end":{"line":2993,"column":25}},"591":{"start":{"line":2994,"column":4},"end":{"line":2994,"column":64}},"592":{"start":{"line":2997,"column":2},"end":{"line":3037,"column":6}},"593":{"start":{"line":3002,"column":6},"end":{"line":3002,"column":27}},"594":{"start":{"line":3003,"column":6},"end":{"line":3003,"column":27}},"595":{"start":{"line":3005,"column":6},"end":{"line":3007,"column":7}},"596":{"start":{"line":3006,"column":8},"end":{"line":3006,"column":41}},"597":{"start":{"line":3009,"column":6},"end":{"line":3009,"column":73}},"598":{"start":{"line":3014,"column":18},"end":{"line":3014,"column":22}},"599":{"start":{"line":3015,"column":23},"end":{"line":3015,"column":32}},"600":{"start":{"line":3017,"column":6},"end":{"line":3017,"column":27}},"601":{"start":{"line":3018,"column":6},"end":{"line":3018,"column":27}},"602":{"start":{"line":3020,"column":6},"end":{"line":3032,"column":7}},"603":{"start":{"line":3021,"column":8},"end":{"line":3021,"column":32}},"604":{"start":{"line":3022,"column":8},"end":{"line":3022,"column":29}},"605":{"start":{"line":3023,"column":8},"end":{"line":3023,"column":49}},"606":{"start":{"line":3025,"column":8},"end":{"line":3025,"column":32}},"607":{"start":{"line":3026,"column":8},"end":{"line":3026,"column":29}},"608":{"start":{"line":3027,"column":8},"end":{"line":3031,"column":11}},"609":{"start":{"line":3028,"column":10},"end":{"line":3028,"column":31}},"610":{"start":{"line":3029,"column":10},"end":{"line":3029,"column":31}},"611":{"start":{"line":3030,"column":10},"end":{"line":3030,"column":56}},"612":{"start":{"line":3034,"column":6},"end":{"line":3034,"column":27}},"613":{"start":{"line":3035,"column":6},"end":{"line":3035,"column":18}},"614":{"start":{"line":3039,"column":2},"end":{"line":3039,"column":18}},"615":{"start":{"line":3042,"column":13},"end":{"line":3042,"column":49}},"616":{"start":{"line":3055,"column":0},"end":{"line":3055,"column":43}},"617":{"start":{"line":3056,"column":31},"end":{"line":3056,"column":111}},"618":{"start":{"line":3056,"column":95},"end":{"line":3056,"column":107}},"619":{"start":{"line":3057,"column":62},"end":{"line":3057,"column":103}},"620":{"start":{"line":3058,"column":83},"end":{"line":3058,"column":140}},"621":{"start":{"line":3059,"column":66},"end":{"line":3059,"column":115}},"622":{"start":{"line":3060,"column":87},"end":{"line":3060,"column":148}},"623":{"start":{"line":3061,"column":59},"end":{"line":3061,"column":94}},"624":{"start":{"line":3062,"column":80},"end":{"line":3062,"column":134}},"625":{"start":{"line":3063,"column":58},"end":{"line":3063,"column":123}},"626":{"start":{"line":3064,"column":20},"end":{"line":4182,"column":3}},"627":{"start":{"line":3065,"column":13},"end":{"line":3065,"column":107}},"628":{"start":{"line":3066,"column":13},"end":{"line":3066,"column":55}},"629":{"start":{"line":3067,"column":17},"end":{"line":3067,"column":43}},"630":{"start":{"line":3068,"column":15},"end":{"line":3068,"column":44}},"631":{"start":{"line":3069,"column":12},"end":{"line":3069,"column":26}},"632":{"start":{"line":3070,"column":21},"end":{"line":4173,"column":3}},"633":{"start":{"line":4174,"column":17},"end":{"line":4174,"column":50}},"634":{"start":{"line":4176,"column":2},"end":{"line":4178,"column":3}},"635":{"start":{"line":4177,"column":4},"end":{"line":4177,"column":26}},"636":{"start":{"line":4180,"column":2},"end":{"line":4180,"column":27}},"637":{"start":{"line":4181,"column":2},"end":{"line":4181,"column":39}},"638":{"start":{"line":4188,"column":13},"end":{"line":4191,"column":1}},"639":{"start":{"line":4192,"column":12},"end":{"line":4302,"column":1}},"640":{"start":{"line":4194,"column":20},"end":{"line":4194,"column":119}},"641":{"start":{"line":4195,"column":18},"end":{"line":4195,"column":117}},"642":{"start":{"line":4196,"column":18},"end":{"line":4196,"column":115}},"643":{"start":{"line":4197,"column":4},"end":{"line":4197,"column":25}},"644":{"start":{"line":4198,"column":4},"end":{"line":4198,"column":25}},"645":{"start":{"line":4199,"column":4},"end":{"line":4206,"column":38}},"646":{"start":{"line":4209,"column":20},"end":{"line":4209,"column":119}},"647":{"start":{"line":4210,"column":18},"end":{"line":4210,"column":117}},"648":{"start":{"line":4211,"column":4},"end":{"line":4211,"column":25}},"649":{"start":{"line":4212,"column":4},"end":{"line":4212,"column":25}},"650":{"start":{"line":4213,"column":4},"end":{"line":4213,"column":60}},"651":{"start":{"line":4216,"column":20},"end":{"line":4216,"column":119}},"652":{"start":{"line":4217,"column":18},"end":{"line":4217,"column":117}},"653":{"start":{"line":4218,"column":18},"end":{"line":4218,"column":115}},"654":{"start":{"line":4219,"column":4},"end":{"line":4219,"column":25}},"655":{"start":{"line":4220,"column":4},"end":{"line":4220,"column":25}},"656":{"start":{"line":4221,"column":4},"end":{"line":4221,"column":72}},"657":{"start":{"line":4224,"column":20},"end":{"line":4224,"column":119}},"658":{"start":{"line":4225,"column":18},"end":{"line":4225,"column":118}},"659":{"start":{"line":4226,"column":18},"end":{"line":4226,"column":116}},"660":{"start":{"line":4227,"column":4},"end":{"line":4227,"column":25}},"661":{"start":{"line":4228,"column":4},"end":{"line":4228,"column":25}},"662":{"start":{"line":4229,"column":4},"end":{"line":4248,"column":7}},"663":{"start":{"line":4234,"column":6},"end":{"line":4234,"column":27}},"664":{"start":{"line":4235,"column":17},"end":{"line":4235,"column":76}},"665":{"start":{"line":4236,"column":19},"end":{"line":4236,"column":77}},"666":{"start":{"line":4237,"column":24},"end":{"line":4237,"column":80}},"667":{"start":{"line":4238,"column":6},"end":{"line":4238,"column":27}},"668":{"start":{"line":4239,"column":6},"end":{"line":4239,"column":63}},"669":{"start":{"line":4240,"column":6},"end":{"line":4240,"column":28}},"670":{"start":{"line":4241,"column":6},"end":{"line":4241,"column":73}},"671":{"start":{"line":4242,"column":6},"end":{"line":4242,"column":28}},"672":{"start":{"line":4243,"column":6},"end":{"line":4243,"column":22}},"673":{"start":{"line":4245,"column":6},"end":{"line":4245,"column":27}},"674":{"start":{"line":4246,"column":6},"end":{"line":4246,"column":28}},"675":{"start":{"line":4247,"column":6},"end":{"line":4247,"column":24}},"676":{"start":{"line":4251,"column":20},"end":{"line":4251,"column":120}},"677":{"start":{"line":4252,"column":18},"end":{"line":4252,"column":118}},"678":{"start":{"line":4253,"column":4},"end":{"line":4253,"column":25}},"679":{"start":{"line":4254,"column":4},"end":{"line":4254,"column":26}},"680":{"start":{"line":4255,"column":4},"end":{"line":4255,"column":62}},"681":{"start":{"line":4258,"column":15},"end":{"line":4258,"column":113}},"682":{"start":{"line":4259,"column":20},"end":{"line":4259,"column":120}},"683":{"start":{"line":4260,"column":18},"end":{"line":4260,"column":118}},"684":{"start":{"line":4261,"column":4},"end":{"line":4261,"column":25}},"685":{"start":{"line":4262,"column":4},"end":{"line":4262,"column":26}},"686":{"start":{"line":4263,"column":4},"end":{"line":4263,"column":65}},"687":{"start":{"line":4266,"column":4},"end":{"line":4266,"column":25}},"688":{"start":{"line":4267,"column":4},"end":{"line":4267,"column":26}},"689":{"start":{"line":4268,"column":4},"end":{"line":4268,"column":75}},"690":{"start":{"line":4269,"column":4},"end":{"line":4269,"column":26}},"691":{"start":{"line":4270,"column":4},"end":{"line":4276,"column":7}},"692":{"start":{"line":4271,"column":6},"end":{"line":4271,"column":27}},"693":{"start":{"line":4272,"column":6},"end":{"line":4272,"column":28}},"694":{"start":{"line":4273,"column":6},"end":{"line":4273,"column":99}},"695":{"start":{"line":4274,"column":6},"end":{"line":4274,"column":28}},"696":{"start":{"line":4275,"column":6},"end":{"line":4275,"column":20}},"697":{"start":{"line":4277,"column":4},"end":{"line":4277,"column":26}},"698":{"start":{"line":4278,"column":4},"end":{"line":4300,"column":7}},"699":{"start":{"line":4279,"column":6},"end":{"line":4279,"column":28}},"700":{"start":{"line":4280,"column":6},"end":{"line":4280,"column":28}},"701":{"start":{"line":4281,"column":6},"end":{"line":4281,"column":62}},"702":{"start":{"line":4282,"column":6},"end":{"line":4282,"column":28}},"703":{"start":{"line":4283,"column":6},"end":{"line":4283,"column":22}},"704":{"start":{"line":4285,"column":6},"end":{"line":4285,"column":28}},"705":{"start":{"line":4286,"column":6},"end":{"line":4286,"column":28}},"706":{"start":{"line":4287,"column":6},"end":{"line":4287,"column":62}},"707":{"start":{"line":4288,"column":6},"end":{"line":4288,"column":28}},"708":{"start":{"line":4290,"column":6},"end":{"line":4296,"column":7}},"709":{"start":{"line":4291,"column":8},"end":{"line":4291,"column":33}},"710":{"start":{"line":4292,"column":8},"end":{"line":4292,"column":30}},"711":{"start":{"line":4293,"column":8},"end":{"line":4293,"column":27}},"712":{"start":{"line":4295,"column":8},"end":{"line":4295,"column":33}},"713":{"start":{"line":4298,"column":6},"end":{"line":4298,"column":28}},"714":{"start":{"line":4299,"column":6},"end":{"line":4299,"column":35}},"715":{"start":{"line":4303,"column":29},"end":{"line":4305,"column":3}},"716":{"start":{"line":4317,"column":0},"end":{"line":4317,"column":43}},"717":{"start":{"line":4318,"column":61},"end":{"line":4318,"column":127}},"718":{"start":{"line":4319,"column":30},"end":{"line":4319,"column":149}},"719":{"start":{"line":4319,"column":95},"end":{"line":4319,"column":145}},"720":{"start":{"line":4321,"column":62},"end":{"line":4321,"column":130}},"721":{"start":{"line":4322,"column":30},"end":{"line":4322,"column":148}},"722":{"start":{"line":4322,"column":94},"end":{"line":4322,"column":144}},"723":{"start":{"line":4324,"column":60},"end":{"line":4324,"column":124}},"724":{"start":{"line":4325,"column":30},"end":{"line":4325,"column":142}},"725":{"start":{"line":4325,"column":92},"end":{"line":4325,"column":138}},"726":{"start":{"line":4327,"column":67},"end":{"line":4327,"column":145}},"727":{"start":{"line":4328,"column":30},"end":{"line":4328,"column":207}},"728":{"start":{"line":4328,"column":121},"end":{"line":4328,"column":203}},"729":{"start":{"line":4330,"column":30},"end":{"line":4330,"column":159}},"730":{"start":{"line":4330,"column":97},"end":{"line":4330,"column":155}},"731":{"start":{"line":4332,"column":30},"end":{"line":4332,"column":165}},"732":{"start":{"line":4332,"column":100},"end":{"line":4332,"column":161}},"733":{"start":{"line":4334,"column":30},"end":{"line":4334,"column":167}},"734":{"start":{"line":4334,"column":101},"end":{"line":4334,"column":163}},"735":{"start":{"line":4336,"column":21},"end":{"line":4360,"column":3}},"736":{"start":{"line":4337,"column":13},"end":{"line":4337,"column":108}},"737":{"start":{"line":4338,"column":13},"end":{"line":4338,"column":55}},"738":{"start":{"line":4339,"column":17},"end":{"line":4339,"column":43}},"739":{"start":{"line":4340,"column":15},"end":{"line":4340,"column":44}},"740":{"start":{"line":4341,"column":12},"end":{"line":4341,"column":26}},"741":{"start":{"line":4342,"column":21},"end":{"line":4351,"column":3}},"742":{"start":{"line":4352,"column":17},"end":{"line":4352,"column":50}},"743":{"start":{"line":4354,"column":2},"end":{"line":4356,"column":3}},"744":{"start":{"line":4355,"column":4},"end":{"line":4355,"column":26}},"745":{"start":{"line":4358,"column":2},"end":{"line":4358,"column":27}},"746":{"start":{"line":4359,"column":2},"end":{"line":4359,"column":39}},"747":{"start":{"line":4377,"column":0},"end":{"line":4377,"column":43}},"748":{"start":{"line":4378,"column":31},"end":{"line":4378,"column":107}},"749":{"start":{"line":4378,"column":93},"end":{"line":4378,"column":103}},"750":{"start":{"line":4379,"column":70},"end":{"line":4379,"column":127}},"751":{"start":{"line":4380,"column":91},"end":{"line":4380,"column":156}},"752":{"start":{"line":4381,"column":21},"end":{"line":4589,"column":3}},"753":{"start":{"line":4382,"column":13},"end":{"line":4382,"column":105}},"754":{"start":{"line":4383,"column":13},"end":{"line":4383,"column":55}},"755":{"start":{"line":4384,"column":17},"end":{"line":4384,"column":43}},"756":{"start":{"line":4385,"column":15},"end":{"line":4385,"column":44}},"757":{"start":{"line":4386,"column":12},"end":{"line":4386,"column":26}},"758":{"start":{"line":4387,"column":21},"end":{"line":4580,"column":3}},"759":{"start":{"line":4581,"column":17},"end":{"line":4581,"column":50}},"760":{"start":{"line":4583,"column":2},"end":{"line":4585,"column":3}},"761":{"start":{"line":4584,"column":4},"end":{"line":4584,"column":26}},"762":{"start":{"line":4587,"column":2},"end":{"line":4587,"column":27}},"763":{"start":{"line":4588,"column":2},"end":{"line":4588,"column":39}},"764":{"start":{"line":4592,"column":10},"end":{"line":4609,"column":1}},"765":{"start":{"line":4594,"column":21},"end":{"line":4594,"column":121}},"766":{"start":{"line":4595,"column":4},"end":{"line":4595,"column":26}},"767":{"start":{"line":4596,"column":4},"end":{"line":4596,"column":26}},"768":{"start":{"line":4597,"column":4},"end":{"line":4597,"column":139}},"769":{"start":{"line":4600,"column":4},"end":{"line":4600,"column":26}},"770":{"start":{"line":4601,"column":4},"end":{"line":4601,"column":26}},"771":{"start":{"line":4602,"column":4},"end":{"line":4602,"column":74}},"772":{"start":{"line":4605,"column":4},"end":{"line":4605,"column":26}},"773":{"start":{"line":4606,"column":4},"end":{"line":4606,"column":26}},"774":{"start":{"line":4607,"column":4},"end":{"line":4607,"column":76}},"775":{"start":{"line":4621,"column":0},"end":{"line":4621,"column":43}},"776":{"start":{"line":4622,"column":31},"end":{"line":4622,"column":165}},"777":{"start":{"line":4622,"column":122},"end":{"line":4622,"column":161}},"778":{"start":{"line":4623,"column":31},"end":{"line":4623,"column":117}},"779":{"start":{"line":4623,"column":98},"end":{"line":4623,"column":113}},"780":{"start":{"line":4624,"column":31},"end":{"line":4624,"column":123}},"781":{"start":{"line":4624,"column":101},"end":{"line":4624,"column":119}},"782":{"start":{"line":4625,"column":31},"end":{"line":4625,"column":125}},"783":{"start":{"line":4625,"column":102},"end":{"line":4625,"column":121}},"784":{"start":{"line":4626,"column":20},"end":{"line":5204,"column":3}},"785":{"start":{"line":4627,"column":13},"end":{"line":4627,"column":112}},"786":{"start":{"line":4628,"column":13},"end":{"line":4628,"column":55}},"787":{"start":{"line":4629,"column":17},"end":{"line":4629,"column":43}},"788":{"start":{"line":4630,"column":15},"end":{"line":4630,"column":44}},"789":{"start":{"line":4631,"column":12},"end":{"line":4631,"column":26}},"790":{"start":{"line":4632,"column":21},"end":{"line":5195,"column":3}},"791":{"start":{"line":5196,"column":17},"end":{"line":5196,"column":50}},"792":{"start":{"line":5198,"column":2},"end":{"line":5200,"column":3}},"793":{"start":{"line":5199,"column":4},"end":{"line":5199,"column":26}},"794":{"start":{"line":5202,"column":2},"end":{"line":5202,"column":27}},"795":{"start":{"line":5203,"column":2},"end":{"line":5203,"column":39}},"796":{"start":{"line":5206,"column":39},"end":{"line":5218,"column":1}},"797":{"start":{"line":5208,"column":4},"end":{"line":5208,"column":25}},"798":{"start":{"line":5209,"column":4},"end":{"line":5209,"column":25}},"799":{"start":{"line":5210,"column":4},"end":{"line":5210,"column":188}},"800":{"start":{"line":5213,"column":4},"end":{"line":5213,"column":25}},"801":{"start":{"line":5214,"column":18},"end":{"line":5214,"column":77}},"802":{"start":{"line":5215,"column":4},"end":{"line":5215,"column":25}},"803":{"start":{"line":5216,"column":4},"end":{"line":5216,"column":38}},"804":{"start":{"line":5219,"column":15},"end":{"line":5231,"column":1}},"805":{"start":{"line":5221,"column":4},"end":{"line":5221,"column":25}},"806":{"start":{"line":5222,"column":4},"end":{"line":5222,"column":25}},"807":{"start":{"line":5223,"column":4},"end":{"line":5223,"column":157}},"808":{"start":{"line":5226,"column":4},"end":{"line":5226,"column":25}},"809":{"start":{"line":5227,"column":18},"end":{"line":5227,"column":106}},"810":{"start":{"line":5228,"column":4},"end":{"line":5228,"column":25}},"811":{"start":{"line":5229,"column":4},"end":{"line":5229,"column":30}},"812":{"start":{"line":5232,"column":18},"end":{"line":5244,"column":1}},"813":{"start":{"line":5234,"column":4},"end":{"line":5234,"column":25}},"814":{"start":{"line":5235,"column":4},"end":{"line":5235,"column":25}},"815":{"start":{"line":5236,"column":4},"end":{"line":5236,"column":158}},"816":{"start":{"line":5239,"column":4},"end":{"line":5239,"column":25}},"817":{"start":{"line":5240,"column":18},"end":{"line":5240,"column":96}},"818":{"start":{"line":5241,"column":4},"end":{"line":5241,"column":26}},"819":{"start":{"line":5242,"column":4},"end":{"line":5242,"column":30}},"820":{"start":{"line":5245,"column":19},"end":{"line":5257,"column":1}},"821":{"start":{"line":5247,"column":4},"end":{"line":5247,"column":25}},"822":{"start":{"line":5248,"column":4},"end":{"line":5248,"column":26}},"823":{"start":{"line":5249,"column":4},"end":{"line":5249,"column":159}},"824":{"start":{"line":5252,"column":4},"end":{"line":5252,"column":25}},"825":{"start":{"line":5253,"column":18},"end":{"line":5253,"column":111}},"826":{"start":{"line":5254,"column":4},"end":{"line":5254,"column":26}},"827":{"start":{"line":5255,"column":4},"end":{"line":5255,"column":30}},"828":{"start":{"line":5269,"column":0},"end":{"line":5269,"column":43}},"829":{"start":{"line":5270,"column":66},"end":{"line":5270,"column":143}},"830":{"start":{"line":5271,"column":20},"end":{"line":6955,"column":3}},"831":{"start":{"line":5272,"column":13},"end":{"line":5272,"column":110}},"832":{"start":{"line":5273,"column":13},"end":{"line":5273,"column":55}},"833":{"start":{"line":5274,"column":17},"end":{"line":5274,"column":43}},"834":{"start":{"line":5275,"column":15},"end":{"line":5275,"column":44}},"835":{"start":{"line":5276,"column":12},"end":{"line":5276,"column":26}},"836":{"start":{"line":5277,"column":21},"end":{"line":6946,"column":3}},"837":{"start":{"line":6947,"column":17},"end":{"line":6947,"column":50}},"838":{"start":{"line":6949,"column":2},"end":{"line":6951,"column":3}},"839":{"start":{"line":6950,"column":4},"end":{"line":6950,"column":26}},"840":{"start":{"line":6953,"column":2},"end":{"line":6953,"column":27}},"841":{"start":{"line":6954,"column":2},"end":{"line":6954,"column":39}},"842":{"start":{"line":6958,"column":29},"end":{"line":7193,"column":3}},"843":{"start":{"line":6960,"column":4},"end":{"line":6960,"column":25}},"844":{"start":{"line":6961,"column":4},"end":{"line":6961,"column":25}},"845":{"start":{"line":6962,"column":4},"end":{"line":6970,"column":7}},"846":{"start":{"line":6963,"column":6},"end":{"line":6963,"column":27}},"847":{"start":{"line":6964,"column":6},"end":{"line":6964,"column":27}},"848":{"start":{"line":6965,"column":6},"end":{"line":6965,"column":22}},"849":{"start":{"line":6967,"column":6},"end":{"line":6967,"column":27}},"850":{"start":{"line":6968,"column":6},"end":{"line":6968,"column":27}},"851":{"start":{"line":6969,"column":6},"end":{"line":6969,"column":24}},"852":{"start":{"line":6973,"column":4},"end":{"line":6973,"column":25}},"853":{"start":{"line":6974,"column":4},"end":{"line":6974,"column":25}},"854":{"start":{"line":6975,"column":4},"end":{"line":6975,"column":109}},"855":{"start":{"line":6978,"column":4},"end":{"line":6978,"column":25}},"856":{"start":{"line":6979,"column":4},"end":{"line":6979,"column":25}},"857":{"start":{"line":6980,"column":4},"end":{"line":6980,"column":84}},"858":{"start":{"line":6983,"column":4},"end":{"line":6983,"column":25}},"859":{"start":{"line":6984,"column":4},"end":{"line":6984,"column":25}},"860":{"start":{"line":6985,"column":4},"end":{"line":6985,"column":94}},"861":{"start":{"line":6988,"column":4},"end":{"line":6988,"column":25}},"862":{"start":{"line":6989,"column":4},"end":{"line":6989,"column":25}},"863":{"start":{"line":6990,"column":4},"end":{"line":6990,"column":90}},"864":{"start":{"line":6993,"column":4},"end":{"line":6993,"column":25}},"865":{"start":{"line":6994,"column":4},"end":{"line":6994,"column":25}},"866":{"start":{"line":6995,"column":4},"end":{"line":6995,"column":127}},"867":{"start":{"line":6998,"column":4},"end":{"line":6998,"column":25}},"868":{"start":{"line":6999,"column":4},"end":{"line":6999,"column":25}},"869":{"start":{"line":7000,"column":4},"end":{"line":7000,"column":120}},"870":{"start":{"line":7003,"column":4},"end":{"line":7003,"column":25}},"871":{"start":{"line":7004,"column":4},"end":{"line":7004,"column":25}},"872":{"start":{"line":7005,"column":4},"end":{"line":7005,"column":119}},"873":{"start":{"line":7008,"column":4},"end":{"line":7008,"column":26}},"874":{"start":{"line":7009,"column":4},"end":{"line":7009,"column":26}},"875":{"start":{"line":7010,"column":4},"end":{"line":7010,"column":110}},"876":{"start":{"line":7013,"column":4},"end":{"line":7013,"column":26}},"877":{"start":{"line":7014,"column":4},"end":{"line":7014,"column":26}},"878":{"start":{"line":7015,"column":4},"end":{"line":7015,"column":125}},"879":{"start":{"line":7018,"column":4},"end":{"line":7018,"column":26}},"880":{"start":{"line":7019,"column":4},"end":{"line":7019,"column":26}},"881":{"start":{"line":7020,"column":4},"end":{"line":7020,"column":131}},"882":{"start":{"line":7023,"column":4},"end":{"line":7023,"column":26}},"883":{"start":{"line":7024,"column":4},"end":{"line":7024,"column":26}},"884":{"start":{"line":7025,"column":4},"end":{"line":7025,"column":143}},"885":{"start":{"line":7028,"column":4},"end":{"line":7028,"column":26}},"886":{"start":{"line":7029,"column":4},"end":{"line":7029,"column":26}},"887":{"start":{"line":7030,"column":4},"end":{"line":7032,"column":7}},"888":{"start":{"line":7035,"column":4},"end":{"line":7035,"column":26}},"889":{"start":{"line":7036,"column":4},"end":{"line":7036,"column":26}},"890":{"start":{"line":7037,"column":4},"end":{"line":7039,"column":7}},"891":{"start":{"line":7042,"column":4},"end":{"line":7042,"column":26}},"892":{"start":{"line":7043,"column":4},"end":{"line":7043,"column":26}},"893":{"start":{"line":7044,"column":4},"end":{"line":7044,"column":105}},"894":{"start":{"line":7047,"column":4},"end":{"line":7047,"column":26}},"895":{"start":{"line":7048,"column":4},"end":{"line":7048,"column":26}},"896":{"start":{"line":7049,"column":4},"end":{"line":7049,"column":115}},"897":{"start":{"line":7052,"column":4},"end":{"line":7052,"column":26}},"898":{"start":{"line":7053,"column":4},"end":{"line":7053,"column":26}},"899":{"start":{"line":7054,"column":4},"end":{"line":7054,"column":121}},"900":{"start":{"line":7057,"column":4},"end":{"line":7057,"column":26}},"901":{"start":{"line":7058,"column":4},"end":{"line":7058,"column":26}},"902":{"start":{"line":7059,"column":4},"end":{"line":7059,"column":133}},"903":{"start":{"line":7062,"column":4},"end":{"line":7062,"column":26}},"904":{"start":{"line":7063,"column":4},"end":{"line":7063,"column":26}},"905":{"start":{"line":7064,"column":4},"end":{"line":7064,"column":121}},"906":{"start":{"line":7067,"column":4},"end":{"line":7067,"column":26}},"907":{"start":{"line":7068,"column":4},"end":{"line":7068,"column":26}},"908":{"start":{"line":7069,"column":4},"end":{"line":7069,"column":109}},"909":{"start":{"line":7072,"column":4},"end":{"line":7072,"column":26}},"910":{"start":{"line":7073,"column":4},"end":{"line":7073,"column":26}},"911":{"start":{"line":7074,"column":4},"end":{"line":7074,"column":111}},"912":{"start":{"line":7077,"column":4},"end":{"line":7077,"column":26}},"913":{"start":{"line":7078,"column":4},"end":{"line":7078,"column":26}},"914":{"start":{"line":7079,"column":4},"end":{"line":7079,"column":142}},"915":{"start":{"line":7082,"column":4},"end":{"line":7082,"column":26}},"916":{"start":{"line":7083,"column":4},"end":{"line":7083,"column":26}},"917":{"start":{"line":7084,"column":4},"end":{"line":7084,"column":129}},"918":{"start":{"line":7087,"column":4},"end":{"line":7087,"column":26}},"919":{"start":{"line":7088,"column":4},"end":{"line":7088,"column":26}},"920":{"start":{"line":7089,"column":4},"end":{"line":7089,"column":100}},"921":{"start":{"line":7092,"column":4},"end":{"line":7092,"column":26}},"922":{"start":{"line":7093,"column":4},"end":{"line":7093,"column":26}},"923":{"start":{"line":7094,"column":4},"end":{"line":7094,"column":120}},"924":{"start":{"line":7097,"column":4},"end":{"line":7097,"column":26}},"925":{"start":{"line":7098,"column":4},"end":{"line":7098,"column":26}},"926":{"start":{"line":7099,"column":4},"end":{"line":7099,"column":123}},"927":{"start":{"line":7102,"column":4},"end":{"line":7102,"column":26}},"928":{"start":{"line":7103,"column":4},"end":{"line":7103,"column":26}},"929":{"start":{"line":7104,"column":4},"end":{"line":7104,"column":120}},"930":{"start":{"line":7107,"column":4},"end":{"line":7107,"column":26}},"931":{"start":{"line":7108,"column":4},"end":{"line":7108,"column":26}},"932":{"start":{"line":7109,"column":4},"end":{"line":7111,"column":7}},"933":{"start":{"line":7114,"column":4},"end":{"line":7114,"column":26}},"934":{"start":{"line":7115,"column":4},"end":{"line":7115,"column":26}},"935":{"start":{"line":7116,"column":4},"end":{"line":7116,"column":121}},"936":{"start":{"line":7119,"column":4},"end":{"line":7119,"column":26}},"937":{"start":{"line":7120,"column":4},"end":{"line":7120,"column":26}},"938":{"start":{"line":7121,"column":4},"end":{"line":7121,"column":121}},"939":{"start":{"line":7124,"column":4},"end":{"line":7124,"column":26}},"940":{"start":{"line":7125,"column":4},"end":{"line":7125,"column":26}},"941":{"start":{"line":7126,"column":4},"end":{"line":7126,"column":133}},"942":{"start":{"line":7129,"column":4},"end":{"line":7129,"column":26}},"943":{"start":{"line":7130,"column":4},"end":{"line":7130,"column":26}},"944":{"start":{"line":7131,"column":4},"end":{"line":7131,"column":121}},"945":{"start":{"line":7134,"column":4},"end":{"line":7134,"column":26}},"946":{"start":{"line":7135,"column":4},"end":{"line":7135,"column":26}},"947":{"start":{"line":7136,"column":4},"end":{"line":7136,"column":151}},"948":{"start":{"line":7139,"column":4},"end":{"line":7139,"column":26}},"949":{"start":{"line":7140,"column":4},"end":{"line":7140,"column":26}},"950":{"start":{"line":7141,"column":4},"end":{"line":7141,"column":132}},"951":{"start":{"line":7144,"column":4},"end":{"line":7144,"column":26}},"952":{"start":{"line":7145,"column":4},"end":{"line":7145,"column":26}},"953":{"start":{"line":7146,"column":4},"end":{"line":7146,"column":150}},"954":{"start":{"line":7149,"column":4},"end":{"line":7149,"column":26}},"955":{"start":{"line":7150,"column":4},"end":{"line":7150,"column":26}},"956":{"start":{"line":7151,"column":4},"end":{"line":7151,"column":94}},"957":{"start":{"line":7154,"column":4},"end":{"line":7154,"column":26}},"958":{"start":{"line":7155,"column":4},"end":{"line":7155,"column":26}},"959":{"start":{"line":7156,"column":4},"end":{"line":7156,"column":103}},"960":{"start":{"line":7159,"column":4},"end":{"line":7159,"column":26}},"961":{"start":{"line":7160,"column":4},"end":{"line":7160,"column":26}},"962":{"start":{"line":7161,"column":4},"end":{"line":7161,"column":99}},"963":{"start":{"line":7164,"column":4},"end":{"line":7164,"column":26}},"964":{"start":{"line":7165,"column":4},"end":{"line":7165,"column":26}},"965":{"start":{"line":7166,"column":4},"end":{"line":7166,"column":116}},"966":{"start":{"line":7169,"column":4},"end":{"line":7169,"column":26}},"967":{"start":{"line":7170,"column":4},"end":{"line":7170,"column":26}},"968":{"start":{"line":7171,"column":4},"end":{"line":7171,"column":117}},"969":{"start":{"line":7174,"column":4},"end":{"line":7174,"column":26}},"970":{"start":{"line":7175,"column":4},"end":{"line":7175,"column":26}},"971":{"start":{"line":7176,"column":4},"end":{"line":7176,"column":153}},"972":{"start":{"line":7179,"column":4},"end":{"line":7179,"column":26}},"973":{"start":{"line":7180,"column":4},"end":{"line":7180,"column":26}},"974":{"start":{"line":7181,"column":4},"end":{"line":7181,"column":167}},"975":{"start":{"line":7184,"column":4},"end":{"line":7184,"column":26}},"976":{"start":{"line":7185,"column":4},"end":{"line":7185,"column":26}},"977":{"start":{"line":7186,"column":4},"end":{"line":7186,"column":107}},"978":{"start":{"line":7189,"column":4},"end":{"line":7189,"column":26}},"979":{"start":{"line":7190,"column":4},"end":{"line":7190,"column":26}},"980":{"start":{"line":7191,"column":4},"end":{"line":7191,"column":112}},"981":{"start":{"line":7205,"column":0},"end":{"line":7205,"column":43}},"982":{"start":{"line":7206,"column":31},"end":{"line":7206,"column":123}},"983":{"start":{"line":7206,"column":101},"end":{"line":7206,"column":119}},"984":{"start":{"line":7207,"column":31},"end":{"line":7207,"column":147}},"985":{"start":{"line":7207,"column":113},"end":{"line":7207,"column":143}},"986":{"start":{"line":7208,"column":20},"end":{"line":7319,"column":3}},"987":{"start":{"line":7209,"column":13},"end":{"line":7209,"column":110}},"988":{"start":{"line":7210,"column":13},"end":{"line":7210,"column":55}},"989":{"start":{"line":7211,"column":17},"end":{"line":7211,"column":43}},"990":{"start":{"line":7212,"column":15},"end":{"line":7212,"column":44}},"991":{"start":{"line":7213,"column":12},"end":{"line":7213,"column":26}},"992":{"start":{"line":7214,"column":21},"end":{"line":7310,"column":3}},"993":{"start":{"line":7311,"column":17},"end":{"line":7311,"column":50}},"994":{"start":{"line":7313,"column":2},"end":{"line":7315,"column":3}},"995":{"start":{"line":7314,"column":4},"end":{"line":7314,"column":26}},"996":{"start":{"line":7317,"column":2},"end":{"line":7317,"column":27}},"997":{"start":{"line":7318,"column":2},"end":{"line":7318,"column":39}},"998":{"start":{"line":7321,"column":18},"end":{"line":7321,"column":42}},"999":{"start":{"line":7323,"column":2},"end":{"line":7323,"column":23}},"1000":{"start":{"line":7324,"column":2},"end":{"line":7324,"column":23}},"1001":{"start":{"line":7325,"column":2},"end":{"line":7325,"column":160}},"1002":{"start":{"line":7338,"column":0},"end":{"line":7338,"column":43}},"1003":{"start":{"line":7339,"column":31},"end":{"line":7339,"column":123}},"1004":{"start":{"line":7339,"column":101},"end":{"line":7339,"column":119}},"1005":{"start":{"line":7340,"column":31},"end":{"line":7340,"column":129}},"1006":{"start":{"line":7340,"column":104},"end":{"line":7340,"column":125}},"1007":{"start":{"line":7341,"column":31},"end":{"line":7341,"column":123}},"1008":{"start":{"line":7341,"column":101},"end":{"line":7341,"column":119}},"1009":{"start":{"line":7342,"column":20},"end":{"line":7511,"column":3}},"1010":{"start":{"line":7343,"column":13},"end":{"line":7343,"column":121}},"1011":{"start":{"line":7344,"column":13},"end":{"line":7344,"column":55}},"1012":{"start":{"line":7345,"column":17},"end":{"line":7345,"column":43}},"1013":{"start":{"line":7346,"column":15},"end":{"line":7346,"column":44}},"1014":{"start":{"line":7347,"column":12},"end":{"line":7347,"column":26}},"1015":{"start":{"line":7348,"column":21},"end":{"line":7502,"column":3}},"1016":{"start":{"line":7503,"column":17},"end":{"line":7503,"column":50}},"1017":{"start":{"line":7505,"column":2},"end":{"line":7507,"column":3}},"1018":{"start":{"line":7506,"column":4},"end":{"line":7506,"column":26}},"1019":{"start":{"line":7509,"column":2},"end":{"line":7509,"column":27}},"1020":{"start":{"line":7510,"column":2},"end":{"line":7510,"column":39}},"1021":{"start":{"line":7513,"column":18},"end":{"line":7519,"column":2}},"1022":{"start":{"line":7521,"column":2},"end":{"line":7521,"column":23}},"1023":{"start":{"line":7522,"column":2},"end":{"line":7522,"column":23}},"1024":{"start":{"line":7523,"column":2},"end":{"line":7527,"column":5}},"1025":{"start":{"line":7524,"column":4},"end":{"line":7524,"column":25}},"1026":{"start":{"line":7525,"column":4},"end":{"line":7525,"column":25}},"1027":{"start":{"line":7526,"column":4},"end":{"line":7526,"column":28}},"1028":{"start":{"line":7530,"column":2},"end":{"line":7530,"column":23}},"1029":{"start":{"line":7531,"column":2},"end":{"line":7531,"column":23}},"1030":{"start":{"line":7533,"column":2},"end":{"line":7536,"column":3}},"1031":{"start":{"line":7534,"column":4},"end":{"line":7534,"column":25}},"1032":{"start":{"line":7535,"column":4},"end":{"line":7535,"column":28}},"1033":{"start":{"line":7538,"column":2},"end":{"line":7538,"column":23}},"1034":{"start":{"line":7539,"column":2},"end":{"line":7539,"column":14}},"1035":{"start":{"line":7552,"column":0},"end":{"line":7552,"column":43}},"1036":{"start":{"line":7553,"column":68},"end":{"line":7553,"column":154}},"1037":{"start":{"line":7554,"column":68},"end":{"line":7554,"column":154}},"1038":{"start":{"line":7555,"column":68},"end":{"line":7555,"column":154}},"1039":{"start":{"line":7556,"column":75},"end":{"line":7556,"column":175}},"1040":{"start":{"line":7557,"column":73},"end":{"line":7557,"column":169}},"1041":{"start":{"line":7558,"column":68},"end":{"line":7558,"column":154}},"1042":{"start":{"line":7559,"column":20},"end":{"line":7629,"column":3}},"1043":{"start":{"line":7560,"column":13},"end":{"line":7560,"column":114}},"1044":{"start":{"line":7561,"column":13},"end":{"line":7561,"column":55}},"1045":{"start":{"line":7562,"column":17},"end":{"line":7562,"column":43}},"1046":{"start":{"line":7563,"column":15},"end":{"line":7563,"column":44}},"1047":{"start":{"line":7564,"column":12},"end":{"line":7564,"column":26}},"1048":{"start":{"line":7565,"column":21},"end":{"line":7620,"column":3}},"1049":{"start":{"line":7621,"column":17},"end":{"line":7621,"column":50}},"1050":{"start":{"line":7623,"column":2},"end":{"line":7625,"column":3}},"1051":{"start":{"line":7624,"column":4},"end":{"line":7624,"column":26}},"1052":{"start":{"line":7627,"column":2},"end":{"line":7627,"column":27}},"1053":{"start":{"line":7628,"column":2},"end":{"line":7628,"column":39}},"1054":{"start":{"line":7637,"column":13},"end":{"line":7637,"column":418}},"1055":{"start":{"line":7638,"column":15},"end":{"line":7638,"column":432}},"1056":{"start":{"line":7639,"column":15},"end":{"line":7639,"column":432}},"1057":{"start":{"line":7640,"column":17},"end":{"line":7640,"column":446}},"1058":{"start":{"line":7641,"column":29},"end":{"line":7646,"column":3}},"1059":{"start":{"line":7658,"column":0},"end":{"line":7658,"column":43}},"1060":{"start":{"line":7659,"column":94},"end":{"line":7659,"column":199}},"1061":{"start":{"line":7660,"column":115},"end":{"
[...]
"column":1}},"line":38},"1":{"name":"(anonymous_1)","decl":{"start":{"line":40,"column":47},"end":{"line":40,"column":48}},"loc":{"start":{"line":40,"column":53},"end":{"line":47,"column":3}},"line":40},"2":{"name":"(anonymous_2)","decl":{"start":{"line":49,"column":38},"end":{"line":49,"column":39}},"loc":{"start":{"line":49,"column":44},"end":{"line":56,"column":3}},"line":49},"3":{"name":"(anonymous_3)","decl":{"start":{"line":58,"column":42},"end":{"line":58,"column":43}},"loc":{"start":{"line":58,"column":48},"end":{"line":67,"column":3}},"line":58},"4":{"name":"(anonymous_4)","decl":{"start":{"line":69,"column":79},"end":{"line":69,"column":80}},"loc":{"start":{"line":69,"column":85},"end":{"line":81,"column":3}},"line":69}},"branchMap":{},"s":{"0":1,"1":1,"2":1,"3":1,"4":1,"5":1,"6":1,"7":1,"8":1,"9":1,"10":1,"11":1,"12":1,"13":1,"14":1,"15":1,"16":1,"17":1,"18":1,"19":1,"20":1,"21":1,"22":1,"23":1,"24":1,"25":1},"f":{"0":1,"1":1,"2":1,"3":1,"4":1},"b":{},"_coverageSchema":"43e27e138ebf9cfc5966b082cf9a028302ed4184","hash":"5fe84f3f6a525ab0d1dcf2693e8938553977f35a"},"C:\\Users\\bepit\\go\\src\\github.com\\Tanibox\\tania-core\\resources\\js\\pages\\auth\\login.vue":{"path":"C:\\Users\\bepit\\go\\src\\github.com\\Tanibox\\tania-core\\resources\\js\\pages\\auth\\login.vue","statementMap":{"0":{"start":{"line":32,"column":4},"end":{"line":35,"column":5}},"1":{"start":{"line":47,"column":4},"end":{"line":49,"column":5}},"2":{"start":{"line":48,"column":6},"end":{"line":48,"column":41}},"3":{"start":{"line":61,"column":6},"end":{"line":65,"column":8}},"4":{"start":{"line":62,"column":8},"end":{"line":64,"column":9}},"5":{"start":{"line":63,"column":10},"end":{"line":63,"column":22}},"6":{"start":{"line":68,"column":6},"end":{"line":76,"column":77}},"7":{"start":{"line":76,"column":19},"end":{"line":76,"column":76}},"8":{"start":{"line":79,"column":6},"end":{"line":91,"column":43}},"9":{"start":{"line":85,"column":8},"end":{"line":89,"column":9}},"10":{"start":{"line":86,"column":10},"end":{"line":86,"column":56}},"11":{"start":{"line":88,"column":10},"end":{"line":88,"column":45}},"12":{"start":{"line":90,"column":8},"end":{"line":90,"column":23}},"13":{"start":{"line":91,"column":24},"end":{"line":91,"column":42}}},"fnMap":{"0":{"name":"(anonymous_0)","decl":{"start":{"line":31,"column":2},"end":{"line":31,"column":3}},"loc":{"start":{"line":31,"column":10},"end":{"line":36,"column":3}},"line":31},"1":{"name":"(anonymous_1)","decl":{"start":{"line":45,"column":2},"end":{"line":45,"column":3}},"loc":{"start":{"line":45,"column":13},"end":{"line":50,"column":3}},"line":45},"2":{"name":"(anonymous_2)","decl":{"start":{"line":60,"column":4},"end":{"line":60,"column":5}},"loc":{"start":{"line":60,"column":27},"end":{"line":66,"column":5}},"line":60},"3":{"name":"(anonymous_3)","decl":{"start":{"line":61,"column":41},"end":{"line":61,"column":42}},"loc":{"start":{"line":61,"column":51},"end":{"line":65,"column":7}},"line":61},"4":{"name":"(anonymous_4)","decl":{"start":{"line":67,"column":4},"end":{"line":67,"column":5}},"loc":{"start":{"line":67,"column":13},"end":{"line":77,"column":5}},"line":67},"5":{"name":"(anonymous_5)","decl":{"start":{"line":76,"column":13},"end":{"line":76,"column":14}},"loc":{"start":{"line":76,"column":19},"end":{"line":76,"column":76}},"line":76},"6":{"name":"(anonymous_6)","decl":{"start":{"line":78,"column":4},"end":{"line":78,"column":5}},"loc":{"start":{"line":78,"column":26},"end":{"line":92,"column":5}},"line":78},"7":{"name":"(anonymous_7)","decl":{"start":{"line":84,"column":14},"end":{"line":84,"column":15}},"loc":{"start":{"line":84,"column":26},"end":{"line":91,"column":7}},"line":84},"8":{"name":"(anonymous_8)","decl":{"start":{"line":91,"column":15},"end":{"line":91,"column":16}},"loc":{"start":{"line":91,"column":24},"end":{"line":91,"column":42}},"line":91}},"branchMap":{"0":{"loc":{"start":{"line":47,"column":4},"end":{"line":49,"column":5}},"type":"if","locations":[{"start":{"line":47,"column":4},"end":{"line":49,"column":5}},{"start":{"line":47,"column":4},"end":{"line":49,"column":5}}],"line":47},"1":{"loc":{"start":{"line":62,"column":8},"end":{"line":64,"column":9}},"type":"if","locations":[{"start":{"line":62,"column":8},"end":{"line":64,"column":9}},{"start":{"line":62,"column":8},"end":{"line":64,"column":9}}],"line":62},"2":{"loc":{"start":{"line":85,"column":8},"end":{"line":89,"column":9}},"type":"if","locations":[{"start":{"line":85,"column":8},"end":{"line":89,"column":9}},{"start":{"line":85,"column":8},"end":{"line":89,"column":9}}],"line":85}},"s":{"0":1,"1":1,"2":0,"3":0,"4":0,"5":0,"6":0,"7":0,"8":0,"9":0,"10":0,"11":0,"12":0,"13":0},"f":{"0":1,"1":1,"2":0,"3":0,"4":0,"5":0,"6":0,"7":0,"8":0},"b":{"0":[0,1],"1":[0,0],"2":[0,0]},"inputSourceMap":{"version":3,"sources":["login.vue"],"names":[],"mappings":";;;;;;;;;;;;;;;;;;;;;;;;;AAyBA;AACA;AACA;AACA;;AAEA;AACA;AACA;AACA;AACA;AACA;;AAEA;AACA;AACA;AACA;AACA;AACA;;AAEA;AACA;AACA;AACA;AACA;AACA;;AAEA;AACA;AACA;AACA;AACA;AACA;AACA;AACA;AACA;AACA;AACA;AACA;AACA;AACA;AACA;AACA;AACA;AACA;AACA;AACA;AACA;AACA;AACA;AACA;AACA;AACA;AACA;AACA;AACA;AACA;AACA;AACA;AACA;AACA;AACA;AACA;AACA;AACA;AACA;AACA;AACA;AACA;AACA","file":"login.vue","sourceRoot":"resources\\js\\pages\\auth","sourcesContent":["<template lang=\"pug\">\r\n  .container.init.col-md-4.col-md-offset-4\r\n    a.navbar-brand.block.m-b.m-t.text-center\r\n      img(src=\"../../../images/logobig.png\")\r\n\r\n    .m-b-lg\r\n      .wrapper\r\n        .panel.panel-default\r\n          .panel-body\r\n            form(@submit.prevent=\"validateBeforeSubmit\")\r\n              .form-group(:class=\"{ 'control': true }\")\r\n                label#label-username Username\r\n                input.form-control#username(type=\"text\" v-validate=\"'required'\" :class=\"{'input': true, 'text-danger': errors.has('username') }\" placeholder=\"Please input username\" v-model=\"username\" name=\"username\")\r\n                span.help-block.text-danger(v-show=\"errors.has('username')\") {{ errors.first('username') }}\r\n              .form-group(:class=\"{ 'control': true }\")\r\n                label#label-password Password\r\n                input.form-control#password(type=\"password\" v-validate=\"'required'\" :class=\"{'input': true, 'text-danger': errors.has('password') }\" placeholder=\"Please input username\" v-model=\"password\" name=\"password\")\r\n                span.help-block.text-danger(v-show=\"errors.has('password')\") {{ errors.first('password') }}\r\n              .form-group.text-center.m-t\r\n                  button.btn.btn-addon.btn-primary(type=\"submit\")\r\n                    i.fas.fa-long-arrow-alt-right\r\n                    | Login\r\n</template>\r\n\r\n<script>\r\nimport Nprogres from 'nprogress'\r\nimport { mapActions, mapGetters } from 'vuex'\r\nexport default {\r\n  name: 'Login',\r\n\r\n  data () {\r\n    return {\r\n      username: '',\r\n      password: ''\r\n    }\r\n  },\r\n\r\n  computed : {\r\n    ...mapGetters({\r\n      user: 'getCurrentUser',\r\n      IsNewUser: 'IsNewUser'\r\n    })\r\n  },\r\n\r\n  mounted () {\r\n    // redirect if the user already auntenticated\r\n    if (this.user.uid !== '') {\r\n      this.$router.push({ name: 'Home' })\r\n    }\r\n  },\r\n\r\n  methods: {\r\n    ...mapActions([\r\n      'userLogin',\r\n      'fetchCountries',\r\n      'fetchFarmTypes',\r\n      'fetchFarm',\r\n      'fetchFarmInventories',\r\n    ]),\r\n    validateBeforeSubmit() {\r\n      this.$validator.validateAll().then(result => {\r\n        if (result) {\r\n          this.login()\r\n        }\r\n      })\r\n    },\r\n    login () {\r\n      this.userLogin({\r\n        username: this.username,\r\n        password: this.password,\r\n        client_id: process.env.CLIENT_ID,\r\n        response_type: 'token',\r\n        redirect_uri: location.protocol+\"//\"+location.host,\r\n        state: 'random-string',\r\n      }).then(this.redirector)\r\n      .catch(() => this.$toasted.error('Incorrect Username and/or password'))\r\n    },\r\n    redirector (response) {\r\n      Promise.all([\r\n        this.fetchCountries(),\r\n        this.fetchFarm(),\r\n        this.fetchFarmTypes(),\r\n        this.fetchFarmInventories()\r\n      ]).then(response => {\r\n        if (this.IsNewUser === true) {\r\n          this.$router.push({ name: 'IntroFarmCreate' })\r\n        } else {\r\n          this.$router.push({ name: 'Home' })\r\n        }\r\n        Nprogres.done()\r\n      }).catch(error => console.log(error))\r\n    }\r\n  }\r\n}\r\n</script>\r\n"]},"_coverageSchema":"43e27e138ebf9cfc5966b082cf9a028302ed4184","hash":"c9010fd3461e455bfe8a24831e71dc7c42efc7b2"},"C:\\Users\\bepit\\go\\src\\github.com\\Tanibox\\tania-core\\resources\\js\\stores\\modules\\user.js":{"path":"C:\\Users\\bepit\\go\\src\\github.com\\Tanibox\\tania-core\\resources\\js\\stores\\modules\\user.js","statementMap":{"0":{"start":{"line":7,"column":14},"end":{"line":9,"column":1}},"1":{"start":{"line":11,"column":16},"end":{"line":18,"column":1}},"2":{"start":{"line":12,"column":27},"end":{"line":12,"column":40}},"3":{"start":{"line":13,"column":32},"end":{"line":13,"column":55}},"4":{"start":{"line":14,"column":33},"end":{"line":14,"column":60}},"5":{"start":{"line":16,"column":4},"end":{"line":16,"column":69}},"6":{"start":{"line":20,"column":16},"end":{"line":56,"column":1}},"7":{"start":{"line":22,"column":4},"end":{"line":22,"column":21}},"8":{"start":{"line":23,"column":4},"end":{"line":36,"column":6}},"9":{"start":{"line":24,"column":6},"end":{"line":35,"column":10}},"10":{"start":{"line":26,"column":10},"end":{"line":31,"column":12}},"11":{"start":{"line":32,"column":10},"end":{"line":32,"column":23}},"12":{"start":{"line":34,"column":10},"end":{"line":34,"column":54}},"13":{"start":{"line":39,"column":4},"end":{"line":39,"column":21}},"14":{"start":{"line":40,"column":4},"end":{"line":45,"column":6}},"15":{"start":{"line":41,"column":6},"end":{"line":44,"column":43}},"16":{"start":{"line":43,"column":10},"end":{"line":43,"column":23}},"17":{"start":{"line":44,"column":20},"end":{"line":44,"column":42}},"18":{"start":{"line":48,"column":4},"end":{"line":48,"column":38}},"19":{"start":{"line":51,"column":4},"end":{"line":54,"column":6}},"20":{"start":{"line":52,"column":6},"end":{"line":52,"column":31}},"21":{"start":{"line":53,"column":6},"end":{"line":53,"column":15}},"22":{"start":{"line":58,"column":18},"end":{"line":68,"column":1}},"23":{"start":{"line":60,"column":4},"end":{"line":60,"column":51}},"24":{"start":{"line":63,"column":4},"end":{"line":63,"column":31}},"25":{"start":{"line":66,"column":4},"end":{"line":66,"column":26}}},"fnMap":{"0":{"name":"(anonymous_0)","decl":{"start":{"line":12,"column":18},"end":{"line":12,"column":19}},"loc":{"start":{"line":12,"column":27},"end":{"line":12,"column":40}},"line":12},"1":{"name":"(anonymous_1)","decl":{"start":{"line":13,"column":23},"end":{"line":13,"column":24}},"loc":{"start":{"line":13,"column":32},"end":{"line":13,"column":55}},"line":13},"2":{"name":"(anonymous_2)","decl":{"start":{"line":14,"column":13},"end":{"line":14,"column":14}},"loc":{"start":{"line":14,"column":33},"end":{"line":14,"column":60}},"line":14},"3":{"name":"(anonymous_3)","decl":{"start":{"line":15,"column":27},"end":{"line":15,"column":28}},"loc":{"start":{"line":15,"column":47},"end":{"line":17,"column":3}},"line":15},"4":{"name":"(anonymous_4)","decl":{"start":{"line":21,"column":2},"end":{"line":21,"column":3}},"loc":{"start":{"line":21,"column":41},"end":{"line":37,"column":3}},"line":21},"5":{"name":"(anonymous_5)","decl":{"start":{"line":23,"column":23},"end":{"line":23,"column":24}},"loc":{"start":{"line":23,"column":46},"end":{"line":36,"column":5}},"line":23},"6":{"name":"(anonymous_6)","decl":{"start":{"line":25,"column":32},"end":{"line":25,"column":33}},"loc":{"start":{"line":25,"column":47},"end":{"line":33,"column":9}},"line":25},"7":{"name":"(anonymous_7)","decl":{"start":{"line":33,"column":17},"end":{"line":33,"column":18}},"loc":{"start":{"line":33,"column":28},"end":{"line":35,"column":9}},"line":33},"8":{"name":"(anonymous_8)","decl":{"start":{"line":38,"column":2},"end":{"line":38,"column":3}},"loc":{"start":{"line":38,"column":50},"end":{"line":46,"column":3}},"line":38},"9":{"name":"(anonymous_9)","decl":{"start":{"line":40,"column":23},"end":{"line":40,"column":24}},"loc":{"start":{"line":40,"column":46},"end":{"line":45,"column":5}},"line":40},"10":{"name":"(anonymous_10)","decl":{"start":{"line":42,"column":36},"end":{"line":42,"column":37}},"loc":{"start":{"line":42,"column":50},"end":{"line":44,"column":9}},"line":42},"11":{"name":"(anonymous_11)","decl":{"start":{"line":44,"column":11},"end":{"line":44,"column":12}},"loc":{"start":{"line":44,"column":20},"end":{"line":44,"column":42}},"line":44},"12":{"name":"(anonymous_12)","decl":{"start":{"line":47,"column":2},"end":{"line":47,"column":3}},"loc":{"start":{"line":47,"column":40},"end":{"line":49,"column":3}},"line":47},"13":{"name":"(anonymous_13)","decl":{"start":{"line":50,"column":2},"end":{"line":50,"column":3}},"loc":{"start":{"line":50,"column":40},"end":{"line":55,"column":3}},"line":50},"14":{"name":"(anonymous_14)","decl":{"start":{"line":51,"column":23},"end":{"line":51,"column":24}},"loc":{"start":{"line":51,"column":44},"end":{"line":54,"column":5}},"line":51},"15":{"name":"(anonymous_15)","decl":{"start":{"line":59,"column":2},"end":{"line":59,"column":3}},"loc":{"start":{"line":59,"column":62},"end":{"line":61,"column":3}},"line":59},"16":{"name":"(anonymous_16)","decl":{"start":{"line":62,"column":2},"end":{"line":62,"column":3}},"loc":{"start":{"line":62,"column":39},"end":{"line":64,"column":3}},"line":62},"17":{"name":"(anonymous_17)","decl":{"start":{"line":65,"column":2},"end":{"line":65,"column":3}},"loc":{"start":{"line":65,"column":39},"end":{"line":67,"column":3}},"line":65}},"branchMap":{"0":{"loc":{"start":{"line":16,"column":11},"end":{"line":16,"column":69}},"type":"binary-expr","locations":[{"start":{"line":16,"column":11},"end":{"line":16,"column":38}},{"start":{"line":16,"column":42},"end":{"line":16,"column":69}}],"line":16},"1":{"loc":{"start":{"line":30,"column":19},"end":{"line":30,"column":60}},"type":"cond-expr","locations":[{"start":{"line":30,"column":49},"end":{"line":30,"column":54}},{"start":{"line":30,"column":56},"end":{"line":30,"column":60}}],"line":30}},"s":{"0":1,"1":1,"2":1,"3":0,"4":0,"5":0,"6":1,"7":0,"8":0,"9":0,"10":0,"11":0,"12":0,"13":0,"14":0,"15":0,"16":0,"17":0,"18":0,"19":0,"20":0,"21":0,"22":1,"23":0,"24":0,"25":0},"f":{"0":1,"1":0,"2":0,"3":0,"4":0,"5":0,"6":0,"7":0,"8":0,"9":0,"10":0,"11":0,"12":0,"13":0,"14":0,"15":0,"16":0,"17":0},"b":{"0":[0,0],"1":[0,0]},"_coverageSchema":"43e27e138ebf9cfc5966b082cf9a028302ed4184","hash":"2b4bb6a6d69f76b83bf143612b00af8586430bfd"},"C:\\Users\\bepit\\go\\src\\github.com\\Tanibox\\tania-core\\resources\\tests\\unit\\specs\\pages\\Login.spec.js":{"path":"C:\\Users\\bepit\\go\\src\\github.com\\Tanibox\\tania-core\\resources\\tests\\unit\\specs\\pages\\Login.spec.js","statementMap":{"0":{"start":{"line":7,"column":17},"end":{"line":7,"column":33}},"1":{"start":{"line":8,"column":0},"end":{"line":8,"column":18}},"2":{"start":{"line":9,"column":0},"end":{"line":9,"column":25}},"3":{"start":{"line":11,"column":0},"end":{"line":37,"column":2}},"4":{"start":{"line":13,"column":20},"end":{"line":18,"column":4}},"5":{"start":{"line":20,"column":17},"end":{"line":24,"column":3}},"6":{"start":{"line":26,"column":2},"end":{"line":36,"column":4}},"7":{"start":{"line":27,"column":20},"end":{"line":33,"column":6}},"8":{"start":{"line":34,"column":4},"end":{"line":34,"column":77}},"9":{"start":{"line":35,"column":4},"end":{"line":35,"column":77}}},"fnMap":{"0":{"name":"(anonymous_0)","decl":{"start":{"line":11,"column":29},"end":{"line":11,"column":30}},"loc":{"start":{"line":11,"column":35},"end":{"line":37,"column":1}},"line":11},"1":{"name":"(anonymous_1)","decl":{"start":{"line":21,"column":4},"end":{"line":21,"column":5}},"loc":{"start":{"line":21,"column":11},"end":{"line":23,"column":5}},"line":21},"2":{"name":"(anonymous_2)","decl":{"start":{"line":26,"column":50},"end":{"line":26,"column":51}},"loc":{"start":{"line":26,"column":56},"end":{"line":36,"column":3}},"line":26}},"branchMap":{},"s":{"0":1,"1":1,"2":1,"3":1,"4":1,"5":1,"6":1,"7":1,"8":1,"9":1},"f":{"0":1,"1":0,"2":1},"b":{},"_coverageSchema":"43e27e138ebf9cfc5966b082cf9a028302ed4184","hash":"96eaa87b08d073f08b1f61d9e407a5bc7d7eb835"},"C:\\Users\\bepit\\go\\src\\github.com\\Tanibox\\tania-core\\resources\\tests\\unit\\specs\\services\\ls.spec.js":{"path":"C:\\Users\\bepit\\go\\src\\github.com\\Tanibox\\tania-core\\resources\\tests\\unit\\specs\\services\\ls.spec.js","statementMap":{"0":{"start":{"line":4,"column":0},"end":{"line":33,"column":2}},"1":{"start":{"line":5,"column":2},"end":{"line":5,"column":46}},"2":{"start":{"line":5,"column":19},"end":{"line":5,"column":45}},"3":{"start":{"line":7,"column":2},"end":{"line":17,"column":4}},"4":{"start":{"line":8,"column":4},"end":{"line":11,"column":6}},"5":{"start":{"line":9,"column":6},"end":{"line":9,"column":32}},"6":{"start":{"line":10,"column":6},"end":{"line":10,"column":42}},"7":{"start":{"line":13,"column":4},"end":{"line":16,"column":6}},"8":{"start":{"line":14,"column":16},"end":{"line":14,"column":36}},"9":{"start":{"line":15,"column":6},"end":{"line":15,"column":32}},"10":{"start":{"line":19,"column":2},"end":{"line":24,"column":4}},"11":{"start":{"line":20,"column":4},"end":{"line":23,"column":6}},"12":{"start":{"line":21,"column":6},"end":{"line":21,"column":26}},"13":{"start":{"line":22,"column":6},"end":{"line":22,"column":48}},"14":{"start":{"line":26,"column":2},"end":{"line":32,"column":4}},"15":{"start":{"line":27,"column":4},"end":{"line":31,"column":6}},"16":{"start":{"line":28,"column":6},"end":{"line":28,"column":32}},"17":{"start":{"line":29,"column":6},"end":{"line":29,"column":22}},"18":{"start":{"line":30,"column":6},"end":{"line":30,"column":47}}},"fnMap":{"0":{"name":"(anonymous_0)","decl":{"start":{"line":4,"column":24},"end":{"line":4,"column":25}},"loc":{"start":{"line":4,"column":30},"end":{"line":33,"column":1}},"line":4},"1":{"name":"(anonymous_1)","decl":{"start":{"line":5,"column":13},"end":{"line":5,"column":14}},"loc":{"start":{"line":5,"column":19},"end":{"line":5,"column":45}},"line":5},"2":{"name":"(anonymous_2)","decl":{"start":{"line":7,"column":19},"end":{"line":7,"column":20}},"loc":{"start":{"line":7,"column":25},"end":{"line":17,"column":3}},"line":7},"3":{"name":"(anonymous_3)","decl":{"start":{"line":8,"column":61},"end":{"line":8,"column":62}},"loc":{"start":{"line":8,"column":67},"end":{"line":11,"column":5}},"line":8},"4":{"name":"(anonymous_4)","decl":{"start":{"line":13,"column":69},"end":{"line":13,"column":70}},"loc":{"start":{"line":13,"column":75},"end":{"line":16,"column":5}},"line":13},"5":{"name":"(anonymous_5)","decl":{"start":{"line":19,"column":19},"end":{"line":19,"column":20}},"loc":{"start":{"line":19,"column":25},"end":{"line":24,"column":3}},"line":19},"6":{"name":"(anonymous_6)","decl":{"start":{"line":20,"column":52},"end":{"line":20,"column":53}},"loc":{"start":{"line":20,"column":58},"end":{"line":23,"column":5}},"line":20},"7":{"name":"(anonymous_7)","decl":{"start":{"line":26,"column":22},"end":{"line":26,"column":23}},"loc":{"start":{"line":26,"column":28},"end":{"line":32,"column":3}},"line":26},"8":{"name":"(anonymous_8)","decl":{"start":{"line":27,"column":55},"end":{"line":27,"column":56}},"loc":{"start":{"line":27,"column":61},"end":{"line":31,"column":5}},"line":27}},"branchMap":{},"s":{"0":1,"1":1,"2":4,"3":1,"4":1,"5":1,"6":1,"7":1,"8":1,"9":1,"10":1,"11":1,"12":1,"13":1,"14":1,"15":1,"16":1,"17":1,"18":1},"f":{"0":1,"1":4,"2":1,"3":1,"4":1,"5":1,"6":1,"7":1,"8":1},"b":{},"_coverageSchema":"43e27e138ebf9cfc5966b082cf9a028302ed4184","hash":"81cc9ebea5be7d4102eed63a28803573bade5e1c"}}